<?xml version="1.0" encoding="UTF-8"?>
<testsuites>
    <testsuite name="feature:-testing-the-full-functional-product-meun;add-category-for-product---success" tests="12" failures="0" skipped="0">
        <properties>
            <property name="@test" value="true">
            </property>
            <property name="@feat" value="true">
            </property>
            <property name="URI" value="C:/Users/karabomo/Downloads/puppeteer-cucumber-js-main/puppeteer-cucumber-test/features/KisaMonateApp_Website_SubAdnim/Product/Product.feature">
            </property>
        </properties>
        <testcase name="Given I am online at &quot;http://127.0.0.1:5500/login.html&quot;" classname="feature:-testing-the-full-functional-product-meun;add-category-for-product---success" time="4.9703101">
        </testcase>
        <testcase name="Then I login in on the website with email value &quot;karabo&quot; and password value is &quot;karabo&quot;" classname="feature:-testing-the-full-functional-product-meun;add-category-for-product---success" time="0.8130664">
        </testcase>
        <testcase name="Then I wait for the page to load" classname="feature:-testing-the-full-functional-product-meun;add-category-for-product---success" time="5.2050348">
        </testcase>
        <testcase name="Then I click side meun item with text &quot;Category&quot;" classname="feature:-testing-the-full-functional-product-meun;add-category-for-product---success" time="0.3445603">
        </testcase>
        <testcase name="Then I click on button with text &quot;Add category&quot; on side meun text this &quot;Category&quot;" classname="feature:-testing-the-full-functional-product-meun;add-category-for-product---success" time="0.2746719">
        </testcase>
        <testcase name="Then I enter value &quot;AddTestProduct&quot; on field &quot;Name&quot; on side meun &quot;Category&quot;" classname="feature:-testing-the-full-functional-product-meun;add-category-for-product---success" time="1.2743557">
        </testcase>
        <testcase name="Then I enter value &quot;AddTestProduct&quot; on field &quot;Slug&quot; on side meun &quot;Category&quot;" classname="feature:-testing-the-full-functional-product-meun;add-category-for-product---success" time="0.8871754">
        </testcase>
        <testcase name="Then I enter value &quot;Test Add Description for Category&quot; on textarea &quot;Description&quot; on side meun &quot;Category&quot;" classname="feature:-testing-the-full-functional-product-meun;add-category-for-product---success" time="1.9053225">
        </testcase>
        <testcase name="Then I click on the checkbox with text &quot;Status&quot; on side meun text this &quot;Category&quot;" classname="feature:-testing-the-full-functional-product-meun;add-category-for-product---success" time="0.1057637">
        </testcase>
        <testcase name="Then I click on button with text &quot;Select Image&quot; and select on image with &quot;C:\Users\karabomo\Desktop\KasiMonateAdnim\assets\images\logo.png&quot; path on meun &quot;Category&quot;" classname="feature:-testing-the-full-functional-product-meun;add-category-for-product---success" time="0.3242215">
        </testcase>
        <testcase name="Then I click on button with text &quot;Add&quot; on side meun text this &quot;Category&quot;" classname="feature:-testing-the-full-functional-product-meun;add-category-for-product---success" time="0.2419348">
        </testcase>
        <testcase name="Then I wait for a successfully alertBox on meun &quot;Category&quot;" classname="feature:-testing-the-full-functional-product-meun;add-category-for-product---success" time="3.6231249">
        </testcase>
    </testsuite>
    <testsuite name="feature:-testing-the-full-functional-product-meun;add-product---success" tests="20" failures="0" skipped="0">
        <properties>
            <property name="@test" value="true">
            </property>
            <property name="@feat" value="true">
            </property>
            <property name="URI" value="C:/Users/karabomo/Downloads/puppeteer-cucumber-js-main/puppeteer-cucumber-test/features/KisaMonateApp_Website_SubAdnim/Product/Product.feature">
            </property>
        </properties>
        <testcase name="Given I am online at &quot;http://127.0.0.1:5500/login.html&quot;" classname="feature:-testing-the-full-functional-product-meun;add-product---success" time="4.3021203">
        </testcase>
        <testcase name="Then I login in on the website with email value &quot;karabo&quot; and password value is &quot;karabo&quot;" classname="feature:-testing-the-full-functional-product-meun;add-product---success" time="0.83323">
        </testcase>
        <testcase name="Then I wait for the page to load" classname="feature:-testing-the-full-functional-product-meun;add-product---success" time="5.9649376">
        </testcase>
        <testcase name="Then I click side meun item with text &quot;Product&quot;" classname="feature:-testing-the-full-functional-product-meun;add-product---success" time="0.3348533">
        </testcase>
        <testcase name="Then I click on button with text &quot;Add Product&quot; on side meun text this &quot;Product&quot;" classname="feature:-testing-the-full-functional-product-meun;add-product---success" time="0.3514648">
        </testcase>
        <testcase name="Then I wait for 5 seconds" classname="feature:-testing-the-full-functional-product-meun;add-product---success" time="5.0045337">
        </testcase>
        <testcase name="Then I select this value &quot;AddTestProduct&quot; on dropdown &quot;Select Category&quot; field the menu &quot;Product&quot;" classname="feature:-testing-the-full-functional-product-meun;add-product---success" time="0.0286038">
        </testcase>
        <testcase name="Then I enter value &quot;AddProductSuccess&quot; on field &quot;Name&quot; on side meun &quot;Product&quot;" classname="feature:-testing-the-full-functional-product-meun;add-product---success" time="1.0176894">
        </testcase>
        <testcase name="Then I enter value &quot;AddProductSuccess&quot; on field &quot;Slug&quot; on side meun &quot;Product&quot;" classname="feature:-testing-the-full-functional-product-meun;add-product---success" time="1.0556387">
        </testcase>
        <testcase name="Then I enter value &quot;Add Short Description&quot; on textarea &quot;Short Description&quot; on side meun &quot;Product&quot;" classname="feature:-testing-the-full-functional-product-meun;add-product---success" time="1.1904392">
        </testcase>
        <testcase name="Then I enter value &quot;Description for Category&quot; on textarea &quot;Description&quot; on side meun &quot;Product&quot;" classname="feature:-testing-the-full-functional-product-meun;add-product---success" time="1.3025113">
        </testcase>
        <testcase name="Then I enter value &quot;20&quot; on field &quot;Original Price&quot; on side meun &quot;Product&quot;" classname="feature:-testing-the-full-functional-product-meun;add-product---success" time="0.2603357">
        </testcase>
        <testcase name="Then I enter value &quot;30&quot; on field &quot;Selling Price&quot; on side meun &quot;Product&quot;" classname="feature:-testing-the-full-functional-product-meun;add-product---success" time="0.2235335">
        </testcase>
        <testcase name="Then I enter value &quot;5&quot; on field &quot;Quantity&quot; on side meun &quot;Product&quot;" classname="feature:-testing-the-full-functional-product-meun;add-product---success" time="0.1681708">
        </testcase>
        <testcase name="Then I click on the checkbox with text &quot;Status&quot; on side meun text this &quot;Product&quot;" classname="feature:-testing-the-full-functional-product-meun;add-product---success" time="0.1073544">
        </testcase>
        <testcase name="Then I click on button with text &quot;Select Images&quot; and select on image with &quot;C:\Users\karabomo\Desktop\KasiMonateAdnim\assets\images\logo.png&quot; path on meun &quot;Product&quot;" classname="feature:-testing-the-full-functional-product-meun;add-product---success" time="0.4477238">
        </testcase>
        <testcase name="Then I click on button with text &quot;Select Images&quot; and select on image with &quot;C:/Users/karabomo/Downloads/Bontle.jpeg&quot; path on meun &quot;Product&quot;" classname="feature:-testing-the-full-functional-product-meun;add-product---success" time="0.3727953">
        </testcase>
        <testcase name="Then I click on button with text &quot;Select Images&quot; and select on image with &quot;C:\Users\karabomo\Desktop\KasiMonateAdnim\assets\images\logo.png&quot; path on meun &quot;Product&quot;" classname="feature:-testing-the-full-functional-product-meun;add-product---success" time="0.695578">
        </testcase>
        <testcase name="Then I click on button with text &quot;Add&quot; on side meun text this &quot;Product&quot;" classname="feature:-testing-the-full-functional-product-meun;add-product---success" time="0.3387962">
        </testcase>
        <testcase name="Then I wait for a successfully alertBox on meun &quot;Product&quot;" classname="feature:-testing-the-full-functional-product-meun;add-product---success" time="4.4133322">
        </testcase>
    </testsuite>
    <testsuite name="feature:-testing-the-full-functional-product-meun;add-product---error---exciting-product-name" tests="20" failures="0" skipped="0">
        <properties>
            <property name="@test" value="true">
            </property>
            <property name="@feat" value="true">
            </property>
            <property name="URI" value="C:/Users/karabomo/Downloads/puppeteer-cucumber-js-main/puppeteer-cucumber-test/features/KisaMonateApp_Website_SubAdnim/Product/Product.feature">
            </property>
        </properties>
        <testcase name="Given I am online at &quot;http://127.0.0.1:5500/login.html&quot;" classname="feature:-testing-the-full-functional-product-meun;add-product---error---exciting-product-name" time="4.3358067">
        </testcase>
        <testcase name="Then I login in on the website with email value &quot;karabo&quot; and password value is &quot;karabo&quot;" classname="feature:-testing-the-full-functional-product-meun;add-product---error---exciting-product-name" time="0.9261199">
        </testcase>
        <testcase name="Then I wait for the page to load" classname="feature:-testing-the-full-functional-product-meun;add-product---error---exciting-product-name" time="9.3688849">
        </testcase>
        <testcase name="Then I click side meun item with text &quot;Product&quot;" classname="feature:-testing-the-full-functional-product-meun;add-product---error---exciting-product-name" time="0.4825341">
        </testcase>
        <testcase name="Then I click on button with text &quot;Add Product&quot; on side meun text this &quot;Product&quot;" classname="feature:-testing-the-full-functional-product-meun;add-product---error---exciting-product-name" time="0.4528471">
        </testcase>
        <testcase name="Then I wait for 5 seconds" classname="feature:-testing-the-full-functional-product-meun;add-product---error---exciting-product-name" time="5.0119078">
        </testcase>
        <testcase name="Then I select this value &quot;AddTestProduct&quot; on dropdown &quot;Select Category&quot; field the menu &quot;Product&quot;" classname="feature:-testing-the-full-functional-product-meun;add-product---error---exciting-product-name" time="0.0299847">
        </testcase>
        <testcase name="Then I enter value &quot;AddProductSuccess&quot; on field &quot;Name&quot; on side meun &quot;Product&quot;" classname="feature:-testing-the-full-functional-product-meun;add-product---error---exciting-product-name" time="0.9573909">
        </testcase>
        <testcase name="Then I enter value &quot;AddProductSuccess&quot; on field &quot;Slug&quot; on side meun &quot;Product&quot;" classname="feature:-testing-the-full-functional-product-meun;add-product---error---exciting-product-name" time="0.9784993">
        </testcase>
        <testcase name="Then I enter value &quot;Add Short Description&quot; on textarea &quot;Short Description&quot; on side meun &quot;Product&quot;" classname="feature:-testing-the-full-functional-product-meun;add-product---error---exciting-product-name" time="1.1896377">
        </testcase>
        <testcase name="Then I enter value &quot;Description for Category&quot; on textarea &quot;Description&quot; on side meun &quot;Product&quot;" classname="feature:-testing-the-full-functional-product-meun;add-product---error---exciting-product-name" time="1.2813645">
        </testcase>
        <testcase name="Then I enter value &quot;20&quot; on field &quot;Original Price&quot; on side meun &quot;Product&quot;" classname="feature:-testing-the-full-functional-product-meun;add-product---error---exciting-product-name" time="0.245324">
        </testcase>
        <testcase name="Then I enter value &quot;30&quot; on field &quot;Selling Price&quot; on side meun &quot;Product&quot;" classname="feature:-testing-the-full-functional-product-meun;add-product---error---exciting-product-name" time="0.2144486">
        </testcase>
        <testcase name="Then I enter value &quot;5&quot; on field &quot;Quantity&quot; on side meun &quot;Product&quot;" classname="feature:-testing-the-full-functional-product-meun;add-product---error---exciting-product-name" time="0.1688581">
        </testcase>
        <testcase name="Then I click on the checkbox with text &quot;Status&quot; on side meun text this &quot;Product&quot;" classname="feature:-testing-the-full-functional-product-meun;add-product---error---exciting-product-name" time="0.1220747">
        </testcase>
        <testcase name="Then I click on button with text &quot;Select Images&quot; and select on image with &quot;C:\Users\karabomo\Desktop\KasiMonateAdnim\assets\images\logo.png&quot; path on meun &quot;Product&quot;" classname="feature:-testing-the-full-functional-product-meun;add-product---error---exciting-product-name" time="0.4278489">
        </testcase>
        <testcase name="Then I click on button with text &quot;Select Images&quot; and select on image with &quot;C:/Users/karabomo/Downloads/Bontle.jpeg&quot; path on meun &quot;Product&quot;" classname="feature:-testing-the-full-functional-product-meun;add-product---error---exciting-product-name" time="0.4141885">
        </testcase>
        <testcase name="Then I click on button with text &quot;Select Images&quot; and select on image with &quot;C:\Users\karabomo\Desktop\KasiMonateAdnim\assets\images\logo.png&quot; path on meun &quot;Product&quot;" classname="feature:-testing-the-full-functional-product-meun;add-product---error---exciting-product-name" time="0.4753537">
        </testcase>
        <testcase name="Then I click on button with text &quot;Add&quot; on side meun text this &quot;Product&quot;" classname="feature:-testing-the-full-functional-product-meun;add-product---error---exciting-product-name" time="0.3552646">
        </testcase>
        <testcase name="Then I wait for a danger alertBox on meun &quot;Product&quot;" classname="feature:-testing-the-full-functional-product-meun;add-product---error---exciting-product-name" time="0.0899626">
        </testcase>
    </testsuite>
    <testsuite name="feature:-testing-the-full-functional-product-meun;add-product---error---product-name-empty" tests="20" failures="1" skipped="17">
        <properties>
            <property name="@test" value="true">
            </property>
            <property name="@feat" value="true">
            </property>
            <property name="URI" value="C:/Users/karabomo/Downloads/puppeteer-cucumber-js-main/puppeteer-cucumber-test/features/KisaMonateApp_Website_SubAdnim/Product/Product.feature">
            </property>
        </properties>
        <testcase name="Given I am online at &quot;http://127.0.0.1:5500/login.html&quot;" classname="feature:-testing-the-full-functional-product-meun;add-product---error---product-name-empty" time="12.7293508">
        </testcase>
        <testcase name="Then I login in on the website with email value &quot;karabo&quot; and password value is &quot;karabo&quot;" classname="feature:-testing-the-full-functional-product-meun;add-product---error---product-name-empty" time="0.8006748">
        </testcase>
        <testcase name="Then I wait for the page to load" classname="feature:-testing-the-full-functional-product-meun;add-product---error---product-name-empty" time="30.0153706">
            <failure message="TimeoutError: Navigation timeout of 30000 ms exceeded">TimeoutError: Navigation timeout of 30000 ms exceeded
    at C:\Users\karabomo\Downloads\puppeteer-cucumber-js-main\puppeteer-cucumber-test\node_modules\puppeteer\lib\cjs\puppeteer\common\LifecycleWatcher.js:106:111
    at async FrameManager.waitForFrameNavigation (C:\Users\karabomo\Downloads\puppeteer-cucumber-js-main\puppeteer-cucumber-test\node_modules\puppeteer\lib\cjs\puppeteer\common\FrameManager.js:127:23)
    at async Frame.waitForNavigation (C:\Users\karabomo\Downloads\puppeteer-cucumber-js-main\puppeteer-cucumber-test\node_modules\puppeteer\lib\cjs\puppeteer\common\FrameManager.js:440:16)
    at async Page.waitForNavigation (C:\Users\karabomo\Downloads\puppeteer-cucumber-js-main\puppeteer-cucumber-test\node_modules\puppeteer\lib\cjs\puppeteer\common\Page.js:799:16)</failure>
        </testcase>
        <testcase name="Then I click side meun item with text &quot;Product&quot;" classname="feature:-testing-the-full-functional-product-meun;add-product---error---product-name-empty">
            <skipped message="">
            </skipped>
        </testcase>
        <testcase name="Then I click on button with text &quot;Add Product&quot; on side meun text this &quot;Product&quot;" classname="feature:-testing-the-full-functional-product-meun;add-product---error---product-name-empty">
            <skipped message="">
            </skipped>
        </testcase>
        <testcase name="Then I wait for 5 seconds" classname="feature:-testing-the-full-functional-product-meun;add-product---error---product-name-empty">
            <skipped message="">
            </skipped>
        </testcase>
        <testcase name="Then I select this value &quot;AddProductError&quot; on dropdown &quot;Select Category&quot; field the menu &quot;Product&quot;" classname="feature:-testing-the-full-functional-product-meun;add-product---error---product-name-empty">
            <skipped message="">
            </skipped>
        </testcase>
        <testcase name="Then I enter value &quot;&quot; on field &quot;Name&quot; on side meun &quot;Product&quot;" classname="feature:-testing-the-full-functional-product-meun;add-product---error---product-name-empty">
            <skipped message="">
            </skipped>
        </testcase>
        <testcase name="Then I enter value &quot;AddProductSuccess&quot; on field &quot;Slug&quot; on side meun &quot;Product&quot;" classname="feature:-testing-the-full-functional-product-meun;add-product---error---product-name-empty">
            <skipped message="">
            </skipped>
        </testcase>
        <testcase name="Then I enter value &quot;Add Short Description&quot; on textarea &quot;Short Description&quot; on side meun &quot;Product&quot;" classname="feature:-testing-the-full-functional-product-meun;add-product---error---product-name-empty">
            <skipped message="">
            </skipped>
        </testcase>
        <testcase name="Then I enter value &quot;Description for Category&quot; on textarea &quot;Description&quot; on side meun &quot;Product&quot;" classname="feature:-testing-the-full-functional-product-meun;add-product---error---product-name-empty">
            <skipped message="">
            </skipped>
        </testcase>
        <testcase name="Then I enter value &quot;20&quot; on field &quot;Original Price&quot; on side meun &quot;Product&quot;" classname="feature:-testing-the-full-functional-product-meun;add-product---error---product-name-empty">
            <skipped message="">
            </skipped>
        </testcase>
        <testcase name="Then I enter value &quot;30&quot; on field &quot;Selling Price&quot; on side meun &quot;Product&quot;" classname="feature:-testing-the-full-functional-product-meun;add-product---error---product-name-empty">
            <skipped message="">
            </skipped>
        </testcase>
        <testcase name="Then I enter value &quot;5&quot; on field &quot;Quantity&quot; on side meun &quot;Product&quot;" classname="feature:-testing-the-full-functional-product-meun;add-product---error---product-name-empty">
            <skipped message="">
            </skipped>
        </testcase>
        <testcase name="Then I click on the checkbox with text &quot;Status&quot; on side meun text this &quot;Product&quot;" classname="feature:-testing-the-full-functional-product-meun;add-product---error---product-name-empty">
            <skipped message="">
            </skipped>
        </testcase>
        <testcase name="Then I click on button with text &quot;Select Images&quot; and select on image with &quot;C:\Users\karabomo\Desktop\KasiMonateAdnim\assets\images\logo.png&quot; path on meun &quot;Product&quot;" classname="feature:-testing-the-full-functional-product-meun;add-product---error---product-name-empty">
            <skipped message="">
            </skipped>
        </testcase>
        <testcase name="Then I click on button with text &quot;Select Images&quot; and select on image with &quot;C:/Users/karabomo/Downloads/Bontle.jpeg&quot; path on meun &quot;Product&quot;" classname="feature:-testing-the-full-functional-product-meun;add-product---error---product-name-empty">
            <skipped message="">
            </skipped>
        </testcase>
        <testcase name="Then I click on button with text &quot;Select Images&quot; and select on image with &quot;C:\Users\karabomo\Desktop\KasiMonateAdnim\assets\images\logo.png&quot; path on meun &quot;Product&quot;" classname="feature:-testing-the-full-functional-product-meun;add-product---error---product-name-empty">
            <skipped message="">
            </skipped>
        </testcase>
        <testcase name="Then I click on button with text &quot;Add&quot; on side meun text this &quot;Product&quot;" classname="feature:-testing-the-full-functional-product-meun;add-product---error---product-name-empty">
            <skipped message="">
            </skipped>
        </testcase>
        <testcase name="Then I wait for a danger alertBox on meun &quot;Product&quot;" classname="feature:-testing-the-full-functional-product-meun;add-product---error---product-name-empty">
            <skipped message="">
            </skipped>
        </testcase>
    </testsuite>
    <testsuite name="feature:-testing-the-full-functional-product-meun;add-product---error---product-slug-empty" tests="20" failures="0" skipped="0">
        <properties>
            <property name="@test" value="true">
            </property>
            <property name="@feat" value="true">
            </property>
            <property name="URI" value="C:/Users/karabomo/Downloads/puppeteer-cucumber-js-main/puppeteer-cucumber-test/features/KisaMonateApp_Website_SubAdnim/Product/Product.feature">
            </property>
        </properties>
        <testcase name="Given I am online at &quot;http://127.0.0.1:5500/login.html&quot;" classname="feature:-testing-the-full-functional-product-meun;add-product---error---product-slug-empty" time="8.0495953">
        </testcase>
        <testcase name="Then I login in on the website with email value &quot;karabo&quot; and password value is &quot;karabo&quot;" classname="feature:-testing-the-full-functional-product-meun;add-product---error---product-slug-empty" time="0.7737737">
        </testcase>
        <testcase name="Then I wait for the page to load" classname="feature:-testing-the-full-functional-product-meun;add-product---error---product-slug-empty" time="7.4236198">
        </testcase>
        <testcase name="Then I click side meun item with text &quot;Product&quot;" classname="feature:-testing-the-full-functional-product-meun;add-product---error---product-slug-empty" time="0.349447">
        </testcase>
        <testcase name="Then I click on button with text &quot;Add Product&quot; on side meun text this &quot;Product&quot;" classname="feature:-testing-the-full-functional-product-meun;add-product---error---product-slug-empty" time="0.359711">
        </testcase>
        <testcase name="Then I wait for 5 seconds" classname="feature:-testing-the-full-functional-product-meun;add-product---error---product-slug-empty" time="5.0059934">
        </testcase>
        <testcase name="Then I select this value &quot;AddTestProduct&quot; on dropdown &quot;Select Category&quot; field the menu &quot;Product&quot;" classname="feature:-testing-the-full-functional-product-meun;add-product---error---product-slug-empty" time="0.0293974">
        </testcase>
        <testcase name="Then I enter value &quot;AddProductError&quot; on field &quot;Name&quot; on side meun &quot;Product&quot;" classname="feature:-testing-the-full-functional-product-meun;add-product---error---product-slug-empty" time="0.925375">
        </testcase>
        <testcase name="Then I enter value &quot;&quot; on field &quot;Slug&quot; on side meun &quot;Product&quot;" classname="feature:-testing-the-full-functional-product-meun;add-product---error---product-slug-empty" time="0.1210942">
        </testcase>
        <testcase name="Then I enter value &quot;Add Short Description&quot; on textarea &quot;Short Description&quot; on side meun &quot;Product&quot;" classname="feature:-testing-the-full-functional-product-meun;add-product---error---product-slug-empty" time="1.2412553">
        </testcase>
        <testcase name="Then I enter value &quot;Description for Category&quot; on textarea &quot;Description&quot; on side meun &quot;Product&quot;" classname="feature:-testing-the-full-functional-product-meun;add-product---error---product-slug-empty" time="1.3376753">
        </testcase>
        <testcase name="Then I enter value &quot;20&quot; on field &quot;Original Price&quot; on side meun &quot;Product&quot;" classname="feature:-testing-the-full-functional-product-meun;add-product---error---product-slug-empty" time="0.2617153">
        </testcase>
        <testcase name="Then I enter value &quot;30&quot; on field &quot;Selling Price&quot; on side meun &quot;Product&quot;" classname="feature:-testing-the-full-functional-product-meun;add-product---error---product-slug-empty" time="0.2298463">
        </testcase>
        <testcase name="Then I enter value &quot;5&quot; on field &quot;Quantity&quot; on side meun &quot;Product&quot;" classname="feature:-testing-the-full-functional-product-meun;add-product---error---product-slug-empty" time="0.1677308">
        </testcase>
        <testcase name="Then I click on the checkbox with text &quot;Status&quot; on side meun text this &quot;Product&quot;" classname="feature:-testing-the-full-functional-product-meun;add-product---error---product-slug-empty" time="0.1206349">
        </testcase>
        <testcase name="Then I click on button with text &quot;Select Images&quot; and select on image with &quot;C:\Users\karabomo\Desktop\KasiMonateAdnim\assets\images\logo.png&quot; path on meun &quot;Product&quot;" classname="feature:-testing-the-full-functional-product-meun;add-product---error---product-slug-empty" time="0.3858665">
        </testcase>
        <testcase name="Then I click on button with text &quot;Select Images&quot; and select on image with &quot;C:/Users/karabomo/Downloads/Bontle.jpeg&quot; path on meun &quot;Product&quot;" classname="feature:-testing-the-full-functional-product-meun;add-product---error---product-slug-empty" time="0.3845451">
        </testcase>
        <testcase name="Then I click on button with text &quot;Select Images&quot; and select on image with &quot;C:\Users\karabomo\Desktop\KasiMonateAdnim\assets\images\logo.png&quot; path on meun &quot;Product&quot;" classname="feature:-testing-the-full-functional-product-meun;add-product---error---product-slug-empty" time="0.4327379">
        </testcase>
        <testcase name="Then I click on button with text &quot;Add&quot; on side meun text this &quot;Product&quot;" classname="feature:-testing-the-full-functional-product-meun;add-product---error---product-slug-empty" time="0.3223845">
        </testcase>
        <testcase name="Then I wait for a danger alertBox on meun &quot;Product&quot;" classname="feature:-testing-the-full-functional-product-meun;add-product---error---product-slug-empty" time="0.1075603">
        </testcase>
    </testsuite>
    <testsuite name="feature:-testing-the-full-functional-product-meun;add-product---error---product-no-sub-category" tests="20" failures="0" skipped="0">
        <properties>
            <property name="@test" value="true">
            </property>
            <property name="@feat" value="true">
            </property>
            <property name="URI" value="C:/Users/karabomo/Downloads/puppeteer-cucumber-js-main/puppeteer-cucumber-test/features/KisaMonateApp_Website_SubAdnim/Product/Product.feature">
            </property>
        </properties>
        <testcase name="Given I am online at &quot;http://127.0.0.1:5500/login.html&quot;" classname="feature:-testing-the-full-functional-product-meun;add-product---error---product-no-sub-category" time="7.3076488">
        </testcase>
        <testcase name="Then I login in on the website with email value &quot;karabo&quot; and password value is &quot;karabo&quot;" classname="feature:-testing-the-full-functional-product-meun;add-product---error---product-no-sub-category" time="0.8436971">
        </testcase>
        <testcase name="Then I wait for the page to load" classname="feature:-testing-the-full-functional-product-meun;add-product---error---product-no-sub-category" time="8.1144587">
        </testcase>
        <testcase name="Then I click side meun item with text &quot;Product&quot;" classname="feature:-testing-the-full-functional-product-meun;add-product---error---product-no-sub-category" time="0.5212284">
        </testcase>
        <testcase name="Then I click on button with text &quot;Add Product&quot; on side meun text this &quot;Product&quot;" classname="feature:-testing-the-full-functional-product-meun;add-product---error---product-no-sub-category" time="0.4122597">
        </testcase>
        <testcase name="Then I wait for 5 seconds" classname="feature:-testing-the-full-functional-product-meun;add-product---error---product-no-sub-category" time="5.0012282">
        </testcase>
        <testcase name="Then I select this value &quot;&quot; on dropdown &quot;Select Category&quot; field the menu &quot;Product&quot;" classname="feature:-testing-the-full-functional-product-meun;add-product---error---product-no-sub-category" time="0.0278383">
        </testcase>
        <testcase name="Then I enter value &quot;AddProductError&quot; on field &quot;Name&quot; on side meun &quot;Product&quot;" classname="feature:-testing-the-full-functional-product-meun;add-product---error---product-no-sub-category" time="0.9522725">
        </testcase>
        <testcase name="Then I enter value &quot;AddProductError&quot; on field &quot;Slug&quot; on side meun &quot;Product&quot;" classname="feature:-testing-the-full-functional-product-meun;add-product---error---product-no-sub-category" time="0.8985772">
        </testcase>
        <testcase name="Then I enter value &quot;Add Short Description&quot; on textarea &quot;Short Description&quot; on side meun &quot;Product&quot;" classname="feature:-testing-the-full-functional-product-meun;add-product---error---product-no-sub-category" time="1.2391359">
        </testcase>
        <testcase name="Then I enter value &quot;Description for Category&quot; on textarea &quot;Description&quot; on side meun &quot;Product&quot;" classname="feature:-testing-the-full-functional-product-meun;add-product---error---product-no-sub-category" time="1.3789661">
        </testcase>
        <testcase name="Then I enter value &quot;20&quot; on field &quot;Original Price&quot; on side meun &quot;Product&quot;" classname="feature:-testing-the-full-functional-product-meun;add-product---error---product-no-sub-category" time="0.2309511">
        </testcase>
        <testcase name="Then I enter value &quot;30&quot; on field &quot;Selling Price&quot; on side meun &quot;Product&quot;" classname="feature:-testing-the-full-functional-product-meun;add-product---error---product-no-sub-category" time="0.2619555">
        </testcase>
        <testcase name="Then I enter value &quot;5&quot; on field &quot;Quantity&quot; on side meun &quot;Product&quot;" classname="feature:-testing-the-full-functional-product-meun;add-product---error---product-no-sub-category" time="0.2008869">
        </testcase>
        <testcase name="Then I click on the checkbox with text &quot;Status&quot; on side meun text this &quot;Product&quot;" classname="feature:-testing-the-full-functional-product-meun;add-product---error---product-no-sub-category" time="0.1045164">
        </testcase>
        <testcase name="Then I click on button with text &quot;Select Images&quot; and select on image with &quot;C:\Users\karabomo\Desktop\KasiMonateAdnim\assets\images\logo.png&quot; path on meun &quot;Product&quot;" classname="feature:-testing-the-full-functional-product-meun;add-product---error---product-no-sub-category" time="0.4354398">
        </testcase>
        <testcase name="Then I click on button with text &quot;Select Images&quot; and select on image with &quot;C:/Users/karabomo/Downloads/Bontle.jpeg&quot; path on meun &quot;Product&quot;" classname="feature:-testing-the-full-functional-product-meun;add-product---error---product-no-sub-category" time="0.400069">
        </testcase>
        <testcase name="Then I click on button with text &quot;Select Images&quot; and select on image with &quot;C:\Users\karabomo\Desktop\KasiMonateAdnim\assets\images\logo.png&quot; path on meun &quot;Product&quot;" classname="feature:-testing-the-full-functional-product-meun;add-product---error---product-no-sub-category" time="0.4301509">
        </testcase>
        <testcase name="Then I click on button with text &quot;Add&quot; on side meun text this &quot;Product&quot;" classname="feature:-testing-the-full-functional-product-meun;add-product---error---product-no-sub-category" time="0.3077116">
        </testcase>
        <testcase name="Then I wait for a danger alertBox on meun &quot;Product&quot;" classname="feature:-testing-the-full-functional-product-meun;add-product---error---product-no-sub-category" time="0.1222991">
        </testcase>
    </testsuite>
    <testsuite name="feature:-testing-the-full-functional-product-meun;add-product---error---product-short-description-empty" tests="20" failures="0" skipped="0">
        <properties>
            <property name="@test" value="true">
            </property>
            <property name="@feat" value="true">
            </property>
            <property name="URI" value="C:/Users/karabomo/Downloads/puppeteer-cucumber-js-main/puppeteer-cucumber-test/features/KisaMonateApp_Website_SubAdnim/Product/Product.feature">
            </property>
        </properties>
        <testcase name="Given I am online at &quot;http://127.0.0.1:5500/login.html&quot;" classname="feature:-testing-the-full-functional-product-meun;add-product---error---product-short-description-empty" time="5.0234941">
        </testcase>
        <testcase name="Then I login in on the website with email value &quot;karabo&quot; and password value is &quot;karabo&quot;" classname="feature:-testing-the-full-functional-product-meun;add-product---error---product-short-description-empty" time="0.7724682">
        </testcase>
        <testcase name="Then I wait for the page to load" classname="feature:-testing-the-full-functional-product-meun;add-product---error---product-short-description-empty" time="10.8428922">
        </testcase>
        <testcase name="Then I click side meun item with text &quot;Product&quot;" classname="feature:-testing-the-full-functional-product-meun;add-product---error---product-short-description-empty" time="0.4025104">
        </testcase>
        <testcase name="Then I click on button with text &quot;Add Product&quot; on side meun text this &quot;Product&quot;" classname="feature:-testing-the-full-functional-product-meun;add-product---error---product-short-description-empty" time="0.3660902">
        </testcase>
        <testcase name="Then I wait for 5 seconds" classname="feature:-testing-the-full-functional-product-meun;add-product---error---product-short-description-empty" time="5.0131969">
        </testcase>
        <testcase name="Then I select this value &quot;AddTestProduct&quot; on dropdown &quot;Select Category&quot; field the menu &quot;Product&quot;" classname="feature:-testing-the-full-functional-product-meun;add-product---error---product-short-description-empty" time="0.0288718">
        </testcase>
        <testcase name="Then I enter value &quot;AddProductError&quot; on field &quot;Name&quot; on side meun &quot;Product&quot;" classname="feature:-testing-the-full-functional-product-meun;add-product---error---product-short-description-empty" time="0.9466093">
        </testcase>
        <testcase name="Then I enter value &quot;AddProductError&quot; on field &quot;Slug&quot; on side meun &quot;Product&quot;" classname="feature:-testing-the-full-functional-product-meun;add-product---error---product-short-description-empty" time="0.9227722">
        </testcase>
        <testcase name="Then I enter value &quot;&quot; on textarea &quot;Short Description&quot; on side meun &quot;Product&quot;" classname="feature:-testing-the-full-functional-product-meun;add-product---error---product-short-description-empty" time="0.12207">
        </testcase>
        <testcase name="Then I enter value &quot;Description for Category&quot; on textarea &quot;Description&quot; on side meun &quot;Product&quot;" classname="feature:-testing-the-full-functional-product-meun;add-product---error---product-short-description-empty" time="1.3960846">
        </testcase>
        <testcase name="Then I enter value &quot;20&quot; on field &quot;Original Price&quot; on side meun &quot;Product&quot;" classname="feature:-testing-the-full-functional-product-meun;add-product---error---product-short-description-empty" time="0.202625">
        </testcase>
        <testcase name="Then I enter value &quot;30&quot; on field &quot;Selling Price&quot; on side meun &quot;Product&quot;" classname="feature:-testing-the-full-functional-product-meun;add-product---error---product-short-description-empty" time="0.2148092">
        </testcase>
        <testcase name="Then I enter value &quot;5&quot; on field &quot;Quantity&quot; on side meun &quot;Product&quot;" classname="feature:-testing-the-full-functional-product-meun;add-product---error---product-short-description-empty" time="0.1844305">
        </testcase>
        <testcase name="Then I click on the checkbox with text &quot;Status&quot; on side meun text this &quot;Product&quot;" classname="feature:-testing-the-full-functional-product-meun;add-product---error---product-short-description-empty" time="0.1207723">
        </testcase>
        <testcase name="Then I click on button with text &quot;Select Images&quot; and select on image with &quot;C:\Users\karabomo\Desktop\KasiMonateAdnim\assets\images\logo.png&quot; path on meun &quot;Product&quot;" classname="feature:-testing-the-full-functional-product-meun;add-product---error---product-short-description-empty" time="0.3991534">
        </testcase>
        <testcase name="Then I click on button with text &quot;Select Images&quot; and select on image with &quot;C:/Users/karabomo/Downloads/Bontle.jpeg&quot; path on meun &quot;Product&quot;" classname="feature:-testing-the-full-functional-product-meun;add-product---error---product-short-description-empty" time="0.4314204">
        </testcase>
        <testcase name="Then I click on button with text &quot;Select Images&quot; and select on image with &quot;C:\Users\karabomo\Desktop\KasiMonateAdnim\assets\images\logo.png&quot; path on meun &quot;Product&quot;" classname="feature:-testing-the-full-functional-product-meun;add-product---error---product-short-description-empty" time="0.4013398">
        </testcase>
        <testcase name="Then I click on button with text &quot;Add&quot; on side meun text this &quot;Product&quot;" classname="feature:-testing-the-full-functional-product-meun;add-product---error---product-short-description-empty" time="0.3181206">
        </testcase>
        <testcase name="Then I wait for a danger alertBox on meun &quot;Product&quot;" classname="feature:-testing-the-full-functional-product-meun;add-product---error---product-short-description-empty" time="0.0949362">
        </testcase>
    </testsuite>
    <testsuite name="feature:-testing-the-full-functional-product-meun;add-product---error---product-description-empty" tests="20" failures="0" skipped="0">
        <properties>
            <property name="@test" value="true">
            </property>
            <property name="@feat" value="true">
            </property>
            <property name="URI" value="C:/Users/karabomo/Downloads/puppeteer-cucumber-js-main/puppeteer-cucumber-test/features/KisaMonateApp_Website_SubAdnim/Product/Product.feature">
            </property>
        </properties>
        <testcase name="Given I am online at &quot;http://127.0.0.1:5500/login.html&quot;" classname="feature:-testing-the-full-functional-product-meun;add-product---error---product-description-empty" time="4.3506947">
        </testcase>
        <testcase name="Then I login in on the website with email value &quot;karabo&quot; and password value is &quot;karabo&quot;" classname="feature:-testing-the-full-functional-product-meun;add-product---error---product-description-empty" time="0.8120963">
        </testcase>
        <testcase name="Then I wait for the page to load" classname="feature:-testing-the-full-functional-product-meun;add-product---error---product-description-empty" time="5.115781">
        </testcase>
        <testcase name="Then I click side meun item with text &quot;Product&quot;" classname="feature:-testing-the-full-functional-product-meun;add-product---error---product-description-empty" time="0.3784935">
        </testcase>
        <testcase name="Then I click on button with text &quot;Add Product&quot; on side meun text this &quot;Product&quot;" classname="feature:-testing-the-full-functional-product-meun;add-product---error---product-description-empty" time="0.3689695">
        </testcase>
        <testcase name="Then I wait for 5 seconds" classname="feature:-testing-the-full-functional-product-meun;add-product---error---product-description-empty" time="5.0143492">
        </testcase>
        <testcase name="Then I select this value &quot;AddTestProduct&quot; on dropdown &quot;Select Category&quot; field the menu &quot;Product&quot;" classname="feature:-testing-the-full-functional-product-meun;add-product---error---product-description-empty" time="0.0289277">
        </testcase>
        <testcase name="Then I enter value &quot;AddProductError&quot; on field &quot;Name&quot; on side meun &quot;Product&quot;" classname="feature:-testing-the-full-functional-product-meun;add-product---error---product-description-empty" time="0.9630357">
        </testcase>
        <testcase name="Then I enter value &quot;AddProductError&quot; on field &quot;Slug&quot; on side meun &quot;Product&quot;" classname="feature:-testing-the-full-functional-product-meun;add-product---error---product-description-empty" time="0.9041709">
        </testcase>
        <testcase name="Then I enter value &quot;Add Short Description&quot; on textarea &quot;Short Description&quot; on side meun &quot;Product&quot;" classname="feature:-testing-the-full-functional-product-meun;add-product---error---product-description-empty" time="1.2837452">
        </testcase>
        <testcase name="Then I enter value &quot;&quot; on textarea &quot;Description&quot; on side meun &quot;Product&quot;" classname="feature:-testing-the-full-functional-product-meun;add-product---error---product-description-empty" time="0.1075519">
        </testcase>
        <testcase name="Then I enter value &quot;20&quot; on field &quot;Original Price&quot; on side meun &quot;Product&quot;" classname="feature:-testing-the-full-functional-product-meun;add-product---error---product-description-empty" time="0.2459828">
        </testcase>
        <testcase name="Then I enter value &quot;30&quot; on field &quot;Selling Price&quot; on side meun &quot;Product&quot;" classname="feature:-testing-the-full-functional-product-meun;add-product---error---product-description-empty" time="0.2463006">
        </testcase>
        <testcase name="Then I enter value &quot;5&quot; on field &quot;Quantity&quot; on side meun &quot;Product&quot;" classname="feature:-testing-the-full-functional-product-meun;add-product---error---product-description-empty" time="0.1855012">
        </testcase>
        <testcase name="Then I click on the checkbox with text &quot;Status&quot; on side meun text this &quot;Product&quot;" classname="feature:-testing-the-full-functional-product-meun;add-product---error---product-description-empty" time="0.1067665">
        </testcase>
        <testcase name="Then I click on button with text &quot;Select Images&quot; and select on image with &quot;C:\Users\karabomo\Desktop\KasiMonateAdnim\assets\images\logo.png&quot; path on meun &quot;Product&quot;" classname="feature:-testing-the-full-functional-product-meun;add-product---error---product-description-empty" time="0.357621">
        </testcase>
        <testcase name="Then I click on button with text &quot;Select Images&quot; and select on image with &quot;C:/Users/karabomo/Downloads/Bontle.jpeg&quot; path on meun &quot;Product&quot;" classname="feature:-testing-the-full-functional-product-meun;add-product---error---product-description-empty" time="0.4007639">
        </testcase>
        <testcase name="Then I click on button with text &quot;Select Images&quot; and select on image with &quot;C:\Users\karabomo\Desktop\KasiMonateAdnim\assets\images\logo.png&quot; path on meun &quot;Product&quot;" classname="feature:-testing-the-full-functional-product-meun;add-product---error---product-description-empty" time="0.4654687">
        </testcase>
        <testcase name="Then I click on button with text &quot;Add&quot; on side meun text this &quot;Product&quot;" classname="feature:-testing-the-full-functional-product-meun;add-product---error---product-description-empty" time="0.3225898">
        </testcase>
        <testcase name="Then I wait for a danger alertBox on meun &quot;Product&quot;" classname="feature:-testing-the-full-functional-product-meun;add-product---error---product-description-empty" time="0.1062695">
        </testcase>
    </testsuite>
    <testsuite name="feature:-testing-the-full-functional-product-meun;add-product---error---product-original-price-empty" tests="20" failures="0" skipped="0">
        <properties>
            <property name="@test" value="true">
            </property>
            <property name="@feat" value="true">
            </property>
            <property name="URI" value="C:/Users/karabomo/Downloads/puppeteer-cucumber-js-main/puppeteer-cucumber-test/features/KisaMonateApp_Website_SubAdnim/Product/Product.feature">
            </property>
        </properties>
        <testcase name="Given I am online at &quot;http://127.0.0.1:5500/login.html&quot;" classname="feature:-testing-the-full-functional-product-meun;add-product---error---product-original-price-empty" time="5.1161923">
        </testcase>
        <testcase name="Then I login in on the website with email value &quot;karabo&quot; and password value is &quot;karabo&quot;" classname="feature:-testing-the-full-functional-product-meun;add-product---error---product-original-price-empty" time="0.7998818">
        </testcase>
        <testcase name="Then I wait for the page to load" classname="feature:-testing-the-full-functional-product-meun;add-product---error---product-original-price-empty" time="6.5366188">
        </testcase>
        <testcase name="Then I click side meun item with text &quot;Product&quot;" classname="feature:-testing-the-full-functional-product-meun;add-product---error---product-original-price-empty" time="0.3402412">
        </testcase>
        <testcase name="Then I click on button with text &quot;Add Product&quot; on side meun text this &quot;Product&quot;" classname="feature:-testing-the-full-functional-product-meun;add-product---error---product-original-price-empty" time="0.3867709">
        </testcase>
        <testcase name="Then I wait for 5 seconds" classname="feature:-testing-the-full-functional-product-meun;add-product---error---product-original-price-empty" time="5.0051377">
        </testcase>
        <testcase name="Then I select this value &quot;AddTestProduct&quot; on dropdown &quot;Select Category&quot; field the menu &quot;Product&quot;" classname="feature:-testing-the-full-functional-product-meun;add-product---error---product-original-price-empty" time="0.4148587">
        </testcase>
        <testcase name="Then I enter value &quot;AddProductError&quot; on field &quot;Name&quot; on side meun &quot;Product&quot;" classname="feature:-testing-the-full-functional-product-meun;add-product---error---product-original-price-empty" time="2.1157519">
        </testcase>
        <testcase name="Then I enter value &quot;AddProductError&quot; on field &quot;Slug&quot; on side meun &quot;Product&quot;" classname="feature:-testing-the-full-functional-product-meun;add-product---error---product-original-price-empty" time="1.0177758">
        </testcase>
        <testcase name="Then I enter value &quot;Add Short Description&quot; on textarea &quot;Short Description&quot; on side meun &quot;Product&quot;" classname="feature:-testing-the-full-functional-product-meun;add-product---error---product-original-price-empty" time="1.2140552">
        </testcase>
        <testcase name="Then I enter value &quot;Description for Category&quot; on textarea &quot;Description&quot; on side meun &quot;Product&quot;" classname="feature:-testing-the-full-functional-product-meun;add-product---error---product-original-price-empty" time="1.4046697">
        </testcase>
        <testcase name="Then I enter value &quot;&quot; on field &quot;Original Price&quot; on side meun &quot;Product&quot;" classname="feature:-testing-the-full-functional-product-meun;add-product---error---product-original-price-empty" time="0.1203565">
        </testcase>
        <testcase name="Then I enter value &quot;30&quot; on field &quot;Selling Price&quot; on side meun &quot;Product&quot;" classname="feature:-testing-the-full-functional-product-meun;add-product---error---product-original-price-empty" time="0.2456634">
        </testcase>
        <testcase name="Then I enter value &quot;5&quot; on field &quot;Quantity&quot; on side meun &quot;Product&quot;" classname="feature:-testing-the-full-functional-product-meun;add-product---error---product-original-price-empty" time="0.1848527">
        </testcase>
        <testcase name="Then I click on the checkbox with text &quot;Status&quot; on side meun text this &quot;Product&quot;" classname="feature:-testing-the-full-functional-product-meun;add-product---error---product-original-price-empty" time="0.1078104">
        </testcase>
        <testcase name="Then I click on button with text &quot;Select Images&quot; and select on image with &quot;C:\Users\karabomo\Desktop\KasiMonateAdnim\assets\images\logo.png&quot; path on meun &quot;Product&quot;" classname="feature:-testing-the-full-functional-product-meun;add-product---error---product-original-price-empty" time="0.3976058">
        </testcase>
        <testcase name="Then I click on button with text &quot;Select Images&quot; and select on image with &quot;C:/Users/karabomo/Downloads/Bontle.jpeg&quot; path on meun &quot;Product&quot;" classname="feature:-testing-the-full-functional-product-meun;add-product---error---product-original-price-empty" time="0.5528408">
        </testcase>
        <testcase name="Then I click on button with text &quot;Select Images&quot; and select on image with &quot;C:\Users\karabomo\Desktop\KasiMonateAdnim\assets\images\logo.png&quot; path on meun &quot;Product&quot;" classname="feature:-testing-the-full-functional-product-meun;add-product---error---product-original-price-empty" time="0.5255926">
        </testcase>
        <testcase name="Then I click on button with text &quot;Add&quot; on side meun text this &quot;Product&quot;" classname="feature:-testing-the-full-functional-product-meun;add-product---error---product-original-price-empty" time="0.3522374">
        </testcase>
        <testcase name="Then I wait for a danger alertBox on meun &quot;Product&quot;" classname="feature:-testing-the-full-functional-product-meun;add-product---error---product-original-price-empty" time="0.0910481">
        </testcase>
    </testsuite>
    <testsuite name="feature:-testing-the-full-functional-product-meun;add-product---error---product-original-price-is-zero" tests="20" failures="1" skipped="17">
        <properties>
            <property name="@test" value="true">
            </property>
            <property name="@feat" value="true">
            </property>
            <property name="URI" value="C:/Users/karabomo/Downloads/puppeteer-cucumber-js-main/puppeteer-cucumber-test/features/KisaMonateApp_Website_SubAdnim/Product/Product.feature">
            </property>
        </properties>
        <testcase name="Given I am online at &quot;http://127.0.0.1:5500/login.html&quot;" classname="feature:-testing-the-full-functional-product-meun;add-product---error---product-original-price-is-zero" time="1.6290179">
        </testcase>
        <testcase name="Then I login in on the website with email value &quot;karabo&quot; and password value is &quot;karabo&quot;" classname="feature:-testing-the-full-functional-product-meun;add-product---error---product-original-price-is-zero" time="0.7704642">
        </testcase>
        <testcase name="Then I wait for the page to load" classname="feature:-testing-the-full-functional-product-meun;add-product---error---product-original-price-is-zero" time="30.0050898">
            <failure message="TimeoutError: Navigation timeout of 30000 ms exceeded">TimeoutError: Navigation timeout of 30000 ms exceeded
    at C:\Users\karabomo\Downloads\puppeteer-cucumber-js-main\puppeteer-cucumber-test\node_modules\puppeteer\lib\cjs\puppeteer\common\LifecycleWatcher.js:106:111
    at async FrameManager.waitForFrameNavigation (C:\Users\karabomo\Downloads\puppeteer-cucumber-js-main\puppeteer-cucumber-test\node_modules\puppeteer\lib\cjs\puppeteer\common\FrameManager.js:127:23)
    at async Frame.waitForNavigation (C:\Users\karabomo\Downloads\puppeteer-cucumber-js-main\puppeteer-cucumber-test\node_modules\puppeteer\lib\cjs\puppeteer\common\FrameManager.js:440:16)
    at async Page.waitForNavigation (C:\Users\karabomo\Downloads\puppeteer-cucumber-js-main\puppeteer-cucumber-test\node_modules\puppeteer\lib\cjs\puppeteer\common\Page.js:799:16)</failure>
        </testcase>
        <testcase name="Then I click side meun item with text &quot;Product&quot;" classname="feature:-testing-the-full-functional-product-meun;add-product---error---product-original-price-is-zero">
            <skipped message="">
            </skipped>
        </testcase>
        <testcase name="Then I click on button with text &quot;Add Product&quot; on side meun text this &quot;Product&quot;" classname="feature:-testing-the-full-functional-product-meun;add-product---error---product-original-price-is-zero">
            <skipped message="">
            </skipped>
        </testcase>
        <testcase name="Then I wait for 5 seconds" classname="feature:-testing-the-full-functional-product-meun;add-product---error---product-original-price-is-zero">
            <skipped message="">
            </skipped>
        </testcase>
        <testcase name="Then I select this value &quot;AddTestProduct&quot; on dropdown &quot;Select Category&quot; field the menu &quot;Product&quot;" classname="feature:-testing-the-full-functional-product-meun;add-product---error---product-original-price-is-zero">
            <skipped message="">
            </skipped>
        </testcase>
        <testcase name="Then I enter value &quot;AddProductError&quot; on field &quot;Name&quot; on side meun &quot;Product&quot;" classname="feature:-testing-the-full-functional-product-meun;add-product---error---product-original-price-is-zero">
            <skipped message="">
            </skipped>
        </testcase>
        <testcase name="Then I enter value &quot;AddProductError&quot; on field &quot;Slug&quot; on side meun &quot;Product&quot;" classname="feature:-testing-the-full-functional-product-meun;add-product---error---product-original-price-is-zero">
            <skipped message="">
            </skipped>
        </testcase>
        <testcase name="Then I enter value &quot;Add Short Description&quot; on textarea &quot;Short Description&quot; on side meun &quot;Product&quot;" classname="feature:-testing-the-full-functional-product-meun;add-product---error---product-original-price-is-zero">
            <skipped message="">
            </skipped>
        </testcase>
        <testcase name="Then I enter value &quot;Description for Category&quot; on textarea &quot;Description&quot; on side meun &quot;Product&quot;" classname="feature:-testing-the-full-functional-product-meun;add-product---error---product-original-price-is-zero">
            <skipped message="">
            </skipped>
        </testcase>
        <testcase name="Then I enter value &quot;0&quot; on field &quot;Original Price&quot; on side meun &quot;Product&quot;" classname="feature:-testing-the-full-functional-product-meun;add-product---error---product-original-price-is-zero">
            <skipped message="">
            </skipped>
        </testcase>
        <testcase name="Then I enter value &quot;30&quot; on field &quot;Selling Price&quot; on side meun &quot;Product&quot;" classname="feature:-testing-the-full-functional-product-meun;add-product---error---product-original-price-is-zero">
            <skipped message="">
            </skipped>
        </testcase>
        <testcase name="Then I enter value &quot;5&quot; on field &quot;Quantity&quot; on side meun &quot;Product&quot;" classname="feature:-testing-the-full-functional-product-meun;add-product---error---product-original-price-is-zero">
            <skipped message="">
            </skipped>
        </testcase>
        <testcase name="Then I click on the checkbox with text &quot;Status&quot; on side meun text this &quot;Product&quot;" classname="feature:-testing-the-full-functional-product-meun;add-product---error---product-original-price-is-zero">
            <skipped message="">
            </skipped>
        </testcase>
        <testcase name="Then I click on button with text &quot;Select Images&quot; and select on image with &quot;C:\Users\karabomo\Desktop\KasiMonateAdnim\assets\images\logo.png&quot; path on meun &quot;Product&quot;" classname="feature:-testing-the-full-functional-product-meun;add-product---error---product-original-price-is-zero">
            <skipped message="">
            </skipped>
        </testcase>
        <testcase name="Then I click on button with text &quot;Select Images&quot; and select on image with &quot;C:/Users/karabomo/Downloads/Bontle.jpeg&quot; path on meun &quot;Product&quot;" classname="feature:-testing-the-full-functional-product-meun;add-product---error---product-original-price-is-zero">
            <skipped message="">
            </skipped>
        </testcase>
        <testcase name="Then I click on button with text &quot;Select Images&quot; and select on image with &quot;C:\Users\karabomo\Desktop\KasiMonateAdnim\assets\images\logo.png&quot; path on meun &quot;Product&quot;" classname="feature:-testing-the-full-functional-product-meun;add-product---error---product-original-price-is-zero">
            <skipped message="">
            </skipped>
        </testcase>
        <testcase name="Then I click on button with text &quot;Add&quot; on side meun text this &quot;Product&quot;" classname="feature:-testing-the-full-functional-product-meun;add-product---error---product-original-price-is-zero">
            <skipped message="">
            </skipped>
        </testcase>
        <testcase name="Then I wait for a danger alertBox on meun &quot;Product&quot;" classname="feature:-testing-the-full-functional-product-meun;add-product---error---product-original-price-is-zero">
            <skipped message="">
            </skipped>
        </testcase>
    </testsuite>
    <testsuite name="feature:-testing-the-full-functional-product-meun;add-product---error---product-selling-price-empty" tests="20" failures="1" skipped="17">
        <properties>
            <property name="@test" value="true">
            </property>
            <property name="@feat" value="true">
            </property>
            <property name="URI" value="C:/Users/karabomo/Downloads/puppeteer-cucumber-js-main/puppeteer-cucumber-test/features/KisaMonateApp_Website_SubAdnim/Product/Product.feature">
            </property>
        </properties>
        <testcase name="Given I am online at &quot;http://127.0.0.1:5500/login.html&quot;" classname="feature:-testing-the-full-functional-product-meun;add-product---error---product-selling-price-empty" time="1.3567196">
        </testcase>
        <testcase name="Then I login in on the website with email value &quot;karabo&quot; and password value is &quot;karabo&quot;" classname="feature:-testing-the-full-functional-product-meun;add-product---error---product-selling-price-empty" time="0.7439216">
        </testcase>
        <testcase name="Then I wait for the page to load" classname="feature:-testing-the-full-functional-product-meun;add-product---error---product-selling-price-empty" time="30.0022642">
            <failure message="TimeoutError: Navigation timeout of 30000 ms exceeded">TimeoutError: Navigation timeout of 30000 ms exceeded
    at C:\Users\karabomo\Downloads\puppeteer-cucumber-js-main\puppeteer-cucumber-test\node_modules\puppeteer\lib\cjs\puppeteer\common\LifecycleWatcher.js:106:111
    at async FrameManager.waitForFrameNavigation (C:\Users\karabomo\Downloads\puppeteer-cucumber-js-main\puppeteer-cucumber-test\node_modules\puppeteer\lib\cjs\puppeteer\common\FrameManager.js:127:23)
    at async Frame.waitForNavigation (C:\Users\karabomo\Downloads\puppeteer-cucumber-js-main\puppeteer-cucumber-test\node_modules\puppeteer\lib\cjs\puppeteer\common\FrameManager.js:440:16)
    at async Page.waitForNavigation (C:\Users\karabomo\Downloads\puppeteer-cucumber-js-main\puppeteer-cucumber-test\node_modules\puppeteer\lib\cjs\puppeteer\common\Page.js:799:16)</failure>
        </testcase>
        <testcase name="Then I click side meun item with text &quot;Product&quot;" classname="feature:-testing-the-full-functional-product-meun;add-product---error---product-selling-price-empty">
            <skipped message="">
            </skipped>
        </testcase>
        <testcase name="Then I click on button with text &quot;Add Product&quot; on side meun text this &quot;Product&quot;" classname="feature:-testing-the-full-functional-product-meun;add-product---error---product-selling-price-empty">
            <skipped message="">
            </skipped>
        </testcase>
        <testcase name="Then I wait for 5 seconds" classname="feature:-testing-the-full-functional-product-meun;add-product---error---product-selling-price-empty">
            <skipped message="">
            </skipped>
        </testcase>
        <testcase name="Then I select this value &quot;AddTestProduct&quot; on dropdown &quot;Select Category&quot; field the menu &quot;Product&quot;" classname="feature:-testing-the-full-functional-product-meun;add-product---error---product-selling-price-empty">
            <skipped message="">
            </skipped>
        </testcase>
        <testcase name="Then I enter value &quot;AddProductError&quot; on field &quot;Name&quot; on side meun &quot;Product&quot;" classname="feature:-testing-the-full-functional-product-meun;add-product---error---product-selling-price-empty">
            <skipped message="">
            </skipped>
        </testcase>
        <testcase name="Then I enter value &quot;AddProductError&quot; on field &quot;Slug&quot; on side meun &quot;Product&quot;" classname="feature:-testing-the-full-functional-product-meun;add-product---error---product-selling-price-empty">
            <skipped message="">
            </skipped>
        </testcase>
        <testcase name="Then I enter value &quot;Add Short Description&quot; on textarea &quot;Short Description&quot; on side meun &quot;Product&quot;" classname="feature:-testing-the-full-functional-product-meun;add-product---error---product-selling-price-empty">
            <skipped message="">
            </skipped>
        </testcase>
        <testcase name="Then I enter value &quot;Description for Category&quot; on textarea &quot;Description&quot; on side meun &quot;Product&quot;" classname="feature:-testing-the-full-functional-product-meun;add-product---error---product-selling-price-empty">
            <skipped message="">
            </skipped>
        </testcase>
        <testcase name="Then I enter value &quot;20&quot; on field &quot;Original Price&quot; on side meun &quot;Product&quot;" classname="feature:-testing-the-full-functional-product-meun;add-product---error---product-selling-price-empty">
            <skipped message="">
            </skipped>
        </testcase>
        <testcase name="Then I enter value &quot;&quot; on field &quot;Selling Price&quot; on side meun &quot;Product&quot;" classname="feature:-testing-the-full-functional-product-meun;add-product---error---product-selling-price-empty">
            <skipped message="">
            </skipped>
        </testcase>
        <testcase name="Then I enter value &quot;5&quot; on field &quot;Quantity&quot; on side meun &quot;Product&quot;" classname="feature:-testing-the-full-functional-product-meun;add-product---error---product-selling-price-empty">
            <skipped message="">
            </skipped>
        </testcase>
        <testcase name="Then I click on the checkbox with text &quot;Status&quot; on side meun text this &quot;Product&quot;" classname="feature:-testing-the-full-functional-product-meun;add-product---error---product-selling-price-empty">
            <skipped message="">
            </skipped>
        </testcase>
        <testcase name="Then I click on button with text &quot;Select Images&quot; and select on image with &quot;C:\Users\karabomo\Desktop\KasiMonateAdnim\assets\images\logo.png&quot; path on meun &quot;Product&quot;" classname="feature:-testing-the-full-functional-product-meun;add-product---error---product-selling-price-empty">
            <skipped message="">
            </skipped>
        </testcase>
        <testcase name="Then I click on button with text &quot;Select Images&quot; and select on image with &quot;C:/Users/karabomo/Downloads/Bontle.jpeg&quot; path on meun &quot;Product&quot;" classname="feature:-testing-the-full-functional-product-meun;add-product---error---product-selling-price-empty">
            <skipped message="">
            </skipped>
        </testcase>
        <testcase name="Then I click on button with text &quot;Select Images&quot; and select on image with &quot;C:\Users\karabomo\Desktop\KasiMonateAdnim\assets\images\logo.png&quot; path on meun &quot;Product&quot;" classname="feature:-testing-the-full-functional-product-meun;add-product---error---product-selling-price-empty">
            <skipped message="">
            </skipped>
        </testcase>
        <testcase name="Then I click on button with text &quot;Add&quot; on side meun text this &quot;Product&quot;" classname="feature:-testing-the-full-functional-product-meun;add-product---error---product-selling-price-empty">
            <skipped message="">
            </skipped>
        </testcase>
        <testcase name="Then I wait for a danger alertBox on meun &quot;Product&quot;" classname="feature:-testing-the-full-functional-product-meun;add-product---error---product-selling-price-empty">
            <skipped message="">
            </skipped>
        </testcase>
    </testsuite>
    <testsuite name="feature:-testing-the-full-functional-product-meun;add-product---error---product-selling-price-is-zero" tests="20" failures="0" skipped="0">
        <properties>
            <property name="@test" value="true">
            </property>
            <property name="@feat" value="true">
            </property>
            <property name="URI" value="C:/Users/karabomo/Downloads/puppeteer-cucumber-js-main/puppeteer-cucumber-test/features/KisaMonateApp_Website_SubAdnim/Product/Product.feature">
            </property>
        </properties>
        <testcase name="Given I am online at &quot;http://127.0.0.1:5500/login.html&quot;" classname="feature:-testing-the-full-functional-product-meun;add-product---error---product-selling-price-is-zero" time="4.8831549">
        </testcase>
        <testcase name="Then I login in on the website with email value &quot;karabo&quot; and password value is &quot;karabo&quot;" classname="feature:-testing-the-full-functional-product-meun;add-product---error---product-selling-price-is-zero" time="0.8301373">
        </testcase>
        <testcase name="Then I wait for the page to load" classname="feature:-testing-the-full-functional-product-meun;add-product---error---product-selling-price-is-zero" time="6.0692612">
        </testcase>
        <testcase name="Then I click side meun item with text &quot;Product&quot;" classname="feature:-testing-the-full-functional-product-meun;add-product---error---product-selling-price-is-zero" time="0.4499314">
        </testcase>
        <testcase name="Then I click on button with text &quot;Add Product&quot; on side meun text this &quot;Product&quot;" classname="feature:-testing-the-full-functional-product-meun;add-product---error---product-selling-price-is-zero" time="0.3892391">
        </testcase>
        <testcase name="Then I wait for 5 seconds" classname="feature:-testing-the-full-functional-product-meun;add-product---error---product-selling-price-is-zero" time="5.0047133">
        </testcase>
        <testcase name="Then I select this value &quot;AddTestProduct&quot; on dropdown &quot;Select Category&quot; field the menu &quot;Product&quot;" classname="feature:-testing-the-full-functional-product-meun;add-product---error---product-selling-price-is-zero" time="0.0289302">
        </testcase>
        <testcase name="Then I enter value &quot;AddProductError&quot; on field &quot;Name&quot; on side meun &quot;Product&quot;" classname="feature:-testing-the-full-functional-product-meun;add-product---error---product-selling-price-is-zero" time="0.878642">
        </testcase>
        <testcase name="Then I enter value &quot;AddProductError&quot; on field &quot;Slug&quot; on side meun &quot;Product&quot;" classname="feature:-testing-the-full-functional-product-meun;add-product---error---product-selling-price-is-zero" time="0.8561307">
        </testcase>
        <testcase name="Then I enter value &quot;Add Short Description&quot; on textarea &quot;Short Description&quot; on side meun &quot;Product&quot;" classname="feature:-testing-the-full-functional-product-meun;add-product---error---product-selling-price-is-zero" time="1.1446801">
        </testcase>
        <testcase name="Then I enter value &quot;Description for Category&quot; on textarea &quot;Description&quot; on side meun &quot;Product&quot;" classname="feature:-testing-the-full-functional-product-meun;add-product---error---product-selling-price-is-zero" time="1.3038412">
        </testcase>
        <testcase name="Then I enter value &quot;20&quot; on field &quot;Original Price&quot; on side meun &quot;Product&quot;" classname="feature:-testing-the-full-functional-product-meun;add-product---error---product-selling-price-is-zero" time="0.2299319">
        </testcase>
        <testcase name="Then I enter value &quot;0&quot; on field &quot;Selling Price&quot; on side meun &quot;Product&quot;" classname="feature:-testing-the-full-functional-product-meun;add-product---error---product-selling-price-is-zero" time="0.1832568">
        </testcase>
        <testcase name="Then I enter value &quot;5&quot; on field &quot;Quantity&quot; on side meun &quot;Product&quot;" classname="feature:-testing-the-full-functional-product-meun;add-product---error---product-selling-price-is-zero" time="0.1677001">
        </testcase>
        <testcase name="Then I click on the checkbox with text &quot;Status&quot; on side meun text this &quot;Product&quot;" classname="feature:-testing-the-full-functional-product-meun;add-product---error---product-selling-price-is-zero" time="0.1232983">
        </testcase>
        <testcase name="Then I click on button with text &quot;Select Images&quot; and select on image with &quot;C:\Users\karabomo\Desktop\KasiMonateAdnim\assets\images\logo.png&quot; path on meun &quot;Product&quot;" classname="feature:-testing-the-full-functional-product-meun;add-product---error---product-selling-price-is-zero" time="0.4198234">
        </testcase>
        <testcase name="Then I click on button with text &quot;Select Images&quot; and select on image with &quot;C:/Users/karabomo/Downloads/Bontle.jpeg&quot; path on meun &quot;Product&quot;" classname="feature:-testing-the-full-functional-product-meun;add-product---error---product-selling-price-is-zero" time="0.4169101">
        </testcase>
        <testcase name="Then I click on button with text &quot;Select Images&quot; and select on image with &quot;C:\Users\karabomo\Desktop\KasiMonateAdnim\assets\images\logo.png&quot; path on meun &quot;Product&quot;" classname="feature:-testing-the-full-functional-product-meun;add-product---error---product-selling-price-is-zero" time="0.449071">
        </testcase>
        <testcase name="Then I click on button with text &quot;Add&quot; on side meun text this &quot;Product&quot;" classname="feature:-testing-the-full-functional-product-meun;add-product---error---product-selling-price-is-zero" time="0.3089236">
        </testcase>
        <testcase name="Then I wait for a danger alertBox on meun &quot;Product&quot;" classname="feature:-testing-the-full-functional-product-meun;add-product---error---product-selling-price-is-zero" time="0.1210946">
        </testcase>
    </testsuite>
    <testsuite name="feature:-testing-the-full-functional-product-meun;add-product---error---product-no-images" tests="17" failures="0" skipped="0">
        <properties>
            <property name="@test" value="true">
            </property>
            <property name="@feat" value="true">
            </property>
            <property name="URI" value="C:/Users/karabomo/Downloads/puppeteer-cucumber-js-main/puppeteer-cucumber-test/features/KisaMonateApp_Website_SubAdnim/Product/Product.feature">
            </property>
        </properties>
        <testcase name="Given I am online at &quot;http://127.0.0.1:5500/login.html&quot;" classname="feature:-testing-the-full-functional-product-meun;add-product---error---product-no-images" time="4.2480301">
        </testcase>
        <testcase name="Then I login in on the website with email value &quot;karabo&quot; and password value is &quot;karabo&quot;" classname="feature:-testing-the-full-functional-product-meun;add-product---error---product-no-images" time="0.8822577">
        </testcase>
        <testcase name="Then I wait for the page to load" classname="feature:-testing-the-full-functional-product-meun;add-product---error---product-no-images" time="6.850431">
        </testcase>
        <testcase name="Then I click side meun item with text &quot;Product&quot;" classname="feature:-testing-the-full-functional-product-meun;add-product---error---product-no-images" time="0.4594786">
        </testcase>
        <testcase name="Then I click on button with text &quot;Add Product&quot; on side meun text this &quot;Product&quot;" classname="feature:-testing-the-full-functional-product-meun;add-product---error---product-no-images" time="0.4027366">
        </testcase>
        <testcase name="Then I wait for 5 seconds" classname="feature:-testing-the-full-functional-product-meun;add-product---error---product-no-images" time="5.0130189">
        </testcase>
        <testcase name="Then I select this value &quot;AddTestProduct&quot; on dropdown &quot;Select Category&quot; field the menu &quot;Product&quot;" classname="feature:-testing-the-full-functional-product-meun;add-product---error---product-no-images" time="0.0279283">
        </testcase>
        <testcase name="Then I enter value &quot;AddProductError&quot; on field &quot;Name&quot; on side meun &quot;Product&quot;" classname="feature:-testing-the-full-functional-product-meun;add-product---error---product-no-images" time="0.8716007">
        </testcase>
        <testcase name="Then I enter value &quot;AddProductError&quot; on field &quot;Slug&quot; on side meun &quot;Product&quot;" classname="feature:-testing-the-full-functional-product-meun;add-product---error---product-no-images" time="0.8589581">
        </testcase>
        <testcase name="Then I enter value &quot;Add Short Description&quot; on textarea &quot;Short Description&quot; on side meun &quot;Product&quot;" classname="feature:-testing-the-full-functional-product-meun;add-product---error---product-no-images" time="1.1424517">
        </testcase>
        <testcase name="Then I enter value &quot;Description for Category&quot; on textarea &quot;Description&quot; on side meun &quot;Product&quot;" classname="feature:-testing-the-full-functional-product-meun;add-product---error---product-no-images" time="1.2580259">
        </testcase>
        <testcase name="Then I enter value &quot;20&quot; on field &quot;Original Price&quot; on side meun &quot;Product&quot;" classname="feature:-testing-the-full-functional-product-meun;add-product---error---product-no-images" time="0.2446554">
        </testcase>
        <testcase name="Then I enter value &quot;30&quot; on field &quot;Selling Price&quot; on side meun &quot;Product&quot;" classname="feature:-testing-the-full-functional-product-meun;add-product---error---product-no-images" time="0.229901">
        </testcase>
        <testcase name="Then I enter value &quot;5&quot; on field &quot;Quantity&quot; on side meun &quot;Product&quot;" classname="feature:-testing-the-full-functional-product-meun;add-product---error---product-no-images" time="0.1708076">
        </testcase>
        <testcase name="Then I click on the checkbox with text &quot;Status&quot; on side meun text this &quot;Product&quot;" classname="feature:-testing-the-full-functional-product-meun;add-product---error---product-no-images" time="0.1215331">
        </testcase>
        <testcase name="Then I click on button with text &quot;Add&quot; on side meun text this &quot;Product&quot;" classname="feature:-testing-the-full-functional-product-meun;add-product---error---product-no-images" time="0.3389311">
        </testcase>
        <testcase name="Then I wait for a danger alertBox on meun &quot;Product&quot;" classname="feature:-testing-the-full-functional-product-meun;add-product---error---product-no-images" time="0.0879719">
[...]
        <testcase name="Then I click on the checkbox with text &quot;Status&quot; on side meun text this &quot;Product&quot;" classname="feature:-testing-the-full-functional-product-meun;edit-product---error---product-original-price-empty" time="0.1210277">
        </testcase>
        <testcase name="Then I click on button with text &quot;Update&quot; on side meun text this &quot;Product&quot;" classname="feature:-testing-the-full-functional-product-meun;edit-product---error---product-original-price-empty" time="0.4763446">
        </testcase>
        <testcase name="Then I wait for a danger alertBox on meun &quot;Product&quot;" classname="feature:-testing-the-full-functional-product-meun;edit-product---error---product-original-price-empty" time="0.1202455">
        </testcase>
    </testsuite>
    <testsuite name="feature:-testing-the-full-functional-product-meun;edit-product---error---product-original-price-is-zero" tests="17" failures="0" skipped="0">
        <properties>
            <property name="@test" value="true">
            </property>
            <property name="@feat" value="true">
            </property>
            <property name="URI" value="C:/Users/karabomo/Downloads/puppeteer-cucumber-js-main/puppeteer-cucumber-test/features/KisaMonateApp_Website_SubAdnim/Product/Product.feature">
            </property>
        </properties>
        <testcase name="Given I am online at &quot;http://127.0.0.1:5500/login.html&quot;" classname="feature:-testing-the-full-functional-product-meun;edit-product---error---product-original-price-is-zero" time="4.807489">
        </testcase>
        <testcase name="Then I login in on the website with email value &quot;karabo&quot; and password value is &quot;karabo&quot;" classname="feature:-testing-the-full-functional-product-meun;edit-product---error---product-original-price-is-zero" time="0.8058421">
        </testcase>
        <testcase name="Then I wait for the page to load" classname="feature:-testing-the-full-functional-product-meun;edit-product---error---product-original-price-is-zero" time="7.0510435">
        </testcase>
        <testcase name="Then I click side meun item with text &quot;Product&quot;" classname="feature:-testing-the-full-functional-product-meun;edit-product---error---product-original-price-is-zero" time="0.4399193">
        </testcase>
        <testcase name="Then I click button with Text &quot;Edit&quot; on row &quot;1&quot; on the table on side meun &quot;Product&quot;" classname="feature:-testing-the-full-functional-product-meun;edit-product---error---product-original-price-is-zero" time="1.3642755">
        </testcase>
        <testcase name="Then I wait for 5 seconds" classname="feature:-testing-the-full-functional-product-meun;edit-product---error---product-original-price-is-zero" time="5.0027418">
        </testcase>
        <testcase name="Then I select this value &quot;AddTestProduct&quot; on dropdown &quot;Select Category&quot; field the menu &quot;Product&quot;" classname="feature:-testing-the-full-functional-product-meun;edit-product---error---product-original-price-is-zero" time="0.0293021">
        </testcase>
        <testcase name="Then I enter value &quot;AddProductError&quot; on field &quot;Name&quot; on side meun &quot;Product&quot;" classname="feature:-testing-the-full-functional-product-meun;edit-product---error---product-original-price-is-zero" time="0.8756062">
        </testcase>
        <testcase name="Then I enter value &quot;AddProductError&quot; on field &quot;Slug&quot; on side meun &quot;Product&quot;" classname="feature:-testing-the-full-functional-product-meun;edit-product---error---product-original-price-is-zero" time="0.8509943">
        </testcase>
        <testcase name="Then I enter value &quot;Add Short Description&quot; on textarea &quot;Short Description&quot; on side meun &quot;Product&quot;" classname="feature:-testing-the-full-functional-product-meun;edit-product---error---product-original-price-is-zero" time="1.3059271">
        </testcase>
        <testcase name="Then I enter value &quot;Description for Category&quot; on textarea &quot;Description&quot; on side meun &quot;Product&quot;" classname="feature:-testing-the-full-functional-product-meun;edit-product---error---product-original-price-is-zero" time="1.3028731">
        </testcase>
        <testcase name="Then I enter value &quot;0&quot; on field &quot;Original Price&quot; on side meun &quot;Product&quot;" classname="feature:-testing-the-full-functional-product-meun;edit-product---error---product-original-price-is-zero" time="0.1701884">
        </testcase>
        <testcase name="Then I enter value &quot;30&quot; on field &quot;Selling Price&quot; on side meun &quot;Product&quot;" classname="feature:-testing-the-full-functional-product-meun;edit-product---error---product-original-price-is-zero" time="0.2151454">
        </testcase>
        <testcase name="Then I enter value &quot;5&quot; on field &quot;Quantity&quot; on side meun &quot;Product&quot;" classname="feature:-testing-the-full-functional-product-meun;edit-product---error---product-original-price-is-zero" time="0.1699205">
        </testcase>
        <testcase name="Then I click on the checkbox with text &quot;Status&quot; on side meun text this &quot;Product&quot;" classname="feature:-testing-the-full-functional-product-meun;edit-product---error---product-original-price-is-zero" time="0.1195746">
        </testcase>
        <testcase name="Then I click on button with text &quot;Update&quot; on side meun text this &quot;Product&quot;" classname="feature:-testing-the-full-functional-product-meun;edit-product---error---product-original-price-is-zero" time="0.4567968">
        </testcase>
        <testcase name="Then I wait for a danger alertBox on meun &quot;Product&quot;" classname="feature:-testing-the-full-functional-product-meun;edit-product---error---product-original-price-is-zero" time="0.1008331">
        </testcase>
    </testsuite>
    <testsuite name="feature:-testing-the-full-functional-product-meun;edit-product---error---product-selling-price-empty" tests="16" failures="0" skipped="0">
        <properties>
            <property name="@test" value="true">
            </property>
            <property name="@feat" value="true">
            </property>
            <property name="URI" value="C:/Users/karabomo/Downloads/puppeteer-cucumber-js-main/puppeteer-cucumber-test/features/KisaMonateApp_Website_SubAdnim/Product/Product.feature">
            </property>
        </properties>
        <testcase name="Given I am online at &quot;http://127.0.0.1:5500/login.html&quot;" classname="feature:-testing-the-full-functional-product-meun;edit-product---error---product-selling-price-empty" time="4.8848759">
        </testcase>
        <testcase name="Then I login in on the website with email value &quot;karabo&quot; and password value is &quot;karabo&quot;" classname="feature:-testing-the-full-functional-product-meun;edit-product---error---product-selling-price-empty" time="0.896971">
        </testcase>
        <testcase name="Then I wait for the page to load" classname="feature:-testing-the-full-functional-product-meun;edit-product---error---product-selling-price-empty" time="7.1002037">
        </testcase>
        <testcase name="Then I click side meun item with text &quot;Product&quot;" classname="feature:-testing-the-full-functional-product-meun;edit-product---error---product-selling-price-empty" time="0.4415327">
        </testcase>
        <testcase name="Then I click button with Text &quot;Edit&quot; on row &quot;1&quot; on the table on side meun &quot;Product&quot;" classname="feature:-testing-the-full-functional-product-meun;edit-product---error---product-selling-price-empty" time="1.8392093">
        </testcase>
        <testcase name="Then I wait for 5 seconds" classname="feature:-testing-the-full-functional-product-meun;edit-product---error---product-selling-price-empty" time="5.0106203">
        </testcase>
        <testcase name="Then I select this value &quot;AddTestProduct&quot; on dropdown &quot;Select Category&quot; field the menu &quot;Product&quot;" classname="feature:-testing-the-full-functional-product-meun;edit-product---error---product-selling-price-empty" time="0.0279845">
        </testcase>
        <testcase name="Then I enter value &quot;AddProductError&quot; on field &quot;Name&quot; on side meun &quot;Product&quot;" classname="feature:-testing-the-full-functional-product-meun;edit-product---error---product-selling-price-empty" time="0.8528424">
        </testcase>
        <testcase name="Then I enter value &quot;AddProductError&quot; on field &quot;Slug&quot; on side meun &quot;Product&quot;" classname="feature:-testing-the-full-functional-product-meun;edit-product---error---product-selling-price-empty" time="0.9009092">
        </testcase>
        <testcase name="Then I enter value &quot;Add Short Description&quot; on textarea &quot;Short Description&quot; on side meun &quot;Product&quot;" classname="feature:-testing-the-full-functional-product-meun;edit-product---error---product-selling-price-empty" time="1.145919">
        </testcase>
        <testcase name="Then I enter value &quot;Description for Category&quot; on textarea &quot;Description&quot; on side meun &quot;Product&quot;" classname="feature:-testing-the-full-functional-product-meun;edit-product---error---product-selling-price-empty" time="1.3096655">
        </testcase>
        <testcase name="Then I enter value &quot;20&quot; on field &quot;Original Price&quot; on side meun &quot;Product&quot;" classname="feature:-testing-the-full-functional-product-meun;edit-product---error---product-selling-price-empty" time="0.2471264">
        </testcase>
        <testcase name="Then I enter value &quot;&quot; on field &quot;Selling Price&quot; on side meun &quot;Product&quot;" classname="feature:-testing-the-full-functional-product-meun;edit-product---error---product-selling-price-empty" time="0.1213337">
        </testcase>
        <testcase name="Then I enter value &quot;5&quot; on field &quot;Quantity&quot; on side meun &quot;Product&quot;" classname="feature:-testing-the-full-functional-product-meun;edit-product---error---product-selling-price-empty" time="0.1667004">
        </testcase>
        <testcase name="Then I click on button with text &quot;Update&quot; on side meun text this &quot;Product&quot;" classname="feature:-testing-the-full-functional-product-meun;edit-product---error---product-selling-price-empty" time="0.4524966">
        </testcase>
        <testcase name="Then I wait for a danger alertBox on meun &quot;Product&quot;" classname="feature:-testing-the-full-functional-product-meun;edit-product---error---product-selling-price-empty" time="0.1802543">
        </testcase>
    </testsuite>
    <testsuite name="feature:-testing-the-full-functional-product-meun;edit-product---error---product-selling-price-is-zero" tests="16" failures="0" skipped="0">
        <properties>
            <property name="@test" value="true">
            </property>
            <property name="@feat" value="true">
            </property>
            <property name="URI" value="C:/Users/karabomo/Downloads/puppeteer-cucumber-js-main/puppeteer-cucumber-test/features/KisaMonateApp_Website_SubAdnim/Product/Product.feature">
            </property>
        </properties>
        <testcase name="Given I am online at &quot;http://127.0.0.1:5500/login.html&quot;" classname="feature:-testing-the-full-functional-product-meun;edit-product---error---product-selling-price-is-zero" time="4.1937731">
        </testcase>
        <testcase name="Then I login in on the website with email value &quot;karabo&quot; and password value is &quot;karabo&quot;" classname="feature:-testing-the-full-functional-product-meun;edit-product---error---product-selling-price-is-zero" time="0.8545948">
        </testcase>
        <testcase name="Then I wait for the page to load" classname="feature:-testing-the-full-functional-product-meun;edit-product---error---product-selling-price-is-zero" time="7.145725">
        </testcase>
        <testcase name="Then I click side meun item with text &quot;Product&quot;" classname="feature:-testing-the-full-functional-product-meun;edit-product---error---product-selling-price-is-zero" time="0.3763945">
        </testcase>
        <testcase name="Then I click button with Text &quot;Edit&quot; on row &quot;1&quot; on the table on side meun &quot;Product&quot;" classname="feature:-testing-the-full-functional-product-meun;edit-product---error---product-selling-price-is-zero" time="1.3307857">
        </testcase>
        <testcase name="Then I wait for 5 seconds" classname="feature:-testing-the-full-functional-product-meun;edit-product---error---product-selling-price-is-zero" time="5.0135237">
        </testcase>
        <testcase name="Then I select this value &quot;AddTestProduct&quot; on dropdown &quot;Select Category&quot; field the menu &quot;Product&quot;" classname="feature:-testing-the-full-functional-product-meun;edit-product---error---product-selling-price-is-zero" time="0.0297394">
        </testcase>
        <testcase name="Then I enter value &quot;AddProductError&quot; on field &quot;Name&quot; on side meun &quot;Product&quot;" classname="feature:-testing-the-full-functional-product-meun;edit-product---error---product-selling-price-is-zero" time="0.8945066">
        </testcase>
        <testcase name="Then I enter value &quot;AddProductError&quot; on field &quot;Slug&quot; on side meun &quot;Product&quot;" classname="feature:-testing-the-full-functional-product-meun;edit-product---error---product-selling-price-is-zero" time="0.8835909">
        </testcase>
        <testcase name="Then I enter value &quot;Add Short Description&quot; on textarea &quot;Short Description&quot; on side meun &quot;Product&quot;" classname="feature:-testing-the-full-functional-product-meun;edit-product---error---product-selling-price-is-zero" time="1.1792354">
        </testcase>
        <testcase name="Then I enter value &quot;Description for Category&quot; on textarea &quot;Description&quot; on side meun &quot;Product&quot;" classname="feature:-testing-the-full-functional-product-meun;edit-product---error---product-selling-price-is-zero" time="1.3323353">
        </testcase>
        <testcase name="Then I enter value &quot;20&quot; on field &quot;Original Price&quot; on side meun &quot;Product&quot;" classname="feature:-testing-the-full-functional-product-meun;edit-product---error---product-selling-price-is-zero" time="0.2172158">
        </testcase>
        <testcase name="Then I enter value &quot;0&quot; on field &quot;Selling Price&quot; on side meun &quot;Product&quot;" classname="feature:-testing-the-full-functional-product-meun;edit-product---error---product-selling-price-is-zero" time="0.1680408">
        </testcase>
        <testcase name="Then I enter value &quot;5&quot; on field &quot;Quantity&quot; on side meun &quot;Product&quot;" classname="feature:-testing-the-full-functional-product-meun;edit-product---error---product-selling-price-is-zero" time="0.1841796">
        </testcase>
        <testcase name="Then I click on button with text &quot;Update&quot; on side meun text this &quot;Product&quot;" classname="feature:-testing-the-full-functional-product-meun;edit-product---error---product-selling-price-is-zero" time="0.432928">
        </testcase>
        <testcase name="Then I wait for a danger alertBox on meun &quot;Product&quot;" classname="feature:-testing-the-full-functional-product-meun;edit-product---error---product-selling-price-is-zero" time="0.1086592">
        </testcase>
    </testsuite>
    <testsuite name="feature:-testing-the-full-functional-product-meun;delect-product---success" tests="7" failures="0" skipped="0">
        <properties>
            <property name="@test" value="true">
            </property>
            <property name="@feat" value="true">
            </property>
            <property name="URI" value="C:/Users/karabomo/Downloads/puppeteer-cucumber-js-main/puppeteer-cucumber-test/features/KisaMonateApp_Website_SubAdnim/Product/Product.feature">
            </property>
        </properties>
        <testcase name="Given I am online at &quot;http://127.0.0.1:5500/login.html&quot;" classname="feature:-testing-the-full-functional-product-meun;delect-product---success" time="5.0438826">
        </testcase>
        <testcase name="Then I login in on the website with email value &quot;karabo&quot; and password value is &quot;karabo&quot;" classname="feature:-testing-the-full-functional-product-meun;delect-product---success" time="0.7761191">
        </testcase>
        <testcase name="Then I wait for the page to load" classname="feature:-testing-the-full-functional-product-meun;delect-product---success" time="5.7876983">
        </testcase>
        <testcase name="Then I click side meun item with text &quot;Product&quot;" classname="feature:-testing-the-full-functional-product-meun;delect-product---success" time="0.53533">
        </testcase>
        <testcase name="Then I click button with Text &quot;Delete&quot; on row &quot;1&quot; on the table on side meun &quot;Product&quot;" classname="feature:-testing-the-full-functional-product-meun;delect-product---success" time="1.1952347">
        </testcase>
        <testcase name="Then I click on button with text &quot;Accept&quot; on side meun text this &quot;Product&quot;" classname="feature:-testing-the-full-functional-product-meun;delect-product---success" time="0.4627202">
        </testcase>
        <testcase name="Then I wait for a successfully alertBox on meun &quot;Product&quot;" classname="feature:-testing-the-full-functional-product-meun;delect-product---success" time="2.2269609">
        </testcase>
    </testsuite>
    <testsuite name="feature:-testing-the-full-functional-product-meun;delect-product---success" tests="7" failures="0" skipped="0">
        <properties>
            <property name="@test" value="true">
            </property>
            <property name="@feat" value="true">
            </property>
            <property name="URI" value="C:/Users/karabomo/Downloads/puppeteer-cucumber-js-main/puppeteer-cucumber-test/features/KisaMonateApp_Website_SubAdnim/Product/Product.feature">
            </property>
        </properties>
        <testcase name="Given I am online at &quot;http://127.0.0.1:5500/login.html&quot;" classname="feature:-testing-the-full-functional-product-meun;delect-product---success" time="4.7329549">
        </testcase>
        <testcase name="Then I login in on the website with email value &quot;karabo&quot; and password value is &quot;karabo&quot;" classname="feature:-testing-the-full-functional-product-meun;delect-product---success" time="0.898085">
        </testcase>
        <testcase name="Then I wait for the page to load" classname="feature:-testing-the-full-functional-product-meun;delect-product---success" time="27.8781401">
        </testcase>
        <testcase name="Then I click side meun item with text &quot;Product&quot;" classname="feature:-testing-the-full-functional-product-meun;delect-product---success" time="0.5196729">
        </testcase>
        <testcase name="Then I click button with Text &quot;Delete&quot; on row &quot;1&quot; on the table on side meun &quot;Product&quot;" classname="feature:-testing-the-full-functional-product-meun;delect-product---success" time="1.1729737">
        </testcase>
        <testcase name="Then I click on button with text &quot;Accept&quot; on side meun text this &quot;Product&quot;" classname="feature:-testing-the-full-functional-product-meun;delect-product---success" time="0.3691386">
        </testcase>
        <testcase name="Then I wait for a successfully alertBox on meun &quot;Product&quot;" classname="feature:-testing-the-full-functional-product-meun;delect-product---success" time="1.6706871">
        </testcase>
    </testsuite>
</testsuites>