<?xml version="1.0" encoding="UTF-8"?>
<testsuites>
    <testsuite name="feature:-testing-the-full-functional-category-meun;user-to-login---success" tests="32" failures="1" skipped="11">
        <properties>
            <property name="@test" value="true">
            </property>
            <property name="URI" value="C:/Users/karabomo/Downloads/puppeteer-cucumber-js-main/puppeteer-cucumber-test/features/KisaMonateApp_Website_SubAdnim/Category/category.feature">
            </property>
        </properties>
        <testcase name="Given I am online at &quot;http://127.0.0.1:5500/login.html&quot;" classname="feature:-testing-the-full-functional-category-meun;user-to-login---success" time="4.8781723">
        </testcase>
        <testcase name="Then I login in on the website with email value &quot;karabo&quot; and password value is &quot;karabo&quot;" classname="feature:-testing-the-full-functional-category-meun;user-to-login---success" time="0.6301253">
        </testcase>
        <testcase name="Given I am online at &quot;file:///C:/Users/karabomo/Desktop/KasiMonateAdnim/index.html&quot;" classname="feature:-testing-the-full-functional-category-meun;user-to-login---success" time="3.0679522">
        </testcase>
        <testcase name="Then I login in on the website with email value &quot;kasimonateappwebadnim@gmail.com&quot; and password value is &quot;Ephraim@217377781&quot;" classname="feature:-testing-the-full-functional-category-meun;user-to-login---success" time="1.6574362">
        </testcase>
        <testcase name="Then I wait for the page to load" classname="feature:-testing-the-full-functional-category-meun;user-to-login---success" time="12.0303076">
        </testcase>
        <testcase name="Then I click side meun item with text &quot;Branches&quot;" classname="feature:-testing-the-full-functional-category-meun;user-to-login---success" time="0.2160284">
        </testcase>
        <testcase name="Then I click on button with text &quot;Add Branche&quot; on side meun text this &quot;Branches&quot;" classname="feature:-testing-the-full-functional-category-meun;user-to-login---success" time="0.2304568">
        </testcase>
        <testcase name="Then I enter value &quot;FirstBranches&quot; on field &quot;Branche Name&quot; on side meun &quot;Branches&quot;" classname="feature:-testing-the-full-functional-category-meun;user-to-login---success" time="0.7274143">
        </testcase>
        <testcase name="Then I enter value &quot;FirstBranches&quot; on field &quot;Branche Address&quot; on side meun &quot;Branches&quot;" classname="feature:-testing-the-full-functional-category-meun;user-to-login---success" time="0.7127323">
        </testcase>
        <testcase name="Then I click on button with text &quot;Select Image&quot; and select on image with &quot;C:\Users\karabomo\Desktop\KasiMonateAdnim\assets\images\logo.png&quot; path on meun &quot;Branches&quot;" classname="feature:-testing-the-full-functional-category-meun;user-to-login---success" time="0.2480574">
        </testcase>
        <testcase name="Then I click on button with text &quot;Add&quot; on side meun text this &quot;Branches&quot;" classname="feature:-testing-the-full-functional-category-meun;user-to-login---success" time="0.200486">
        </testcase>
        <testcase name="Then I wait for a success alertBox" classname="feature:-testing-the-full-functional-category-meun;user-to-login---success" time="18.3131911">
        </testcase>
        <testcase name="Then I enter value &quot;2Branches&quot; on field &quot;Branche Name&quot; on side meun &quot;Branches&quot;" classname="feature:-testing-the-full-functional-category-meun;user-to-login---success" time="0.5374514">
        </testcase>
        <testcase name="Then I enter value &quot;2Branches&quot; on field &quot;Branche Address&quot; on side meun &quot;Branches&quot;" classname="feature:-testing-the-full-functional-category-meun;user-to-login---success" time="0.5287727">
        </testcase>
        <testcase name="Then I click on button with text &quot;Select Image&quot; and select on image with &quot;C:\Users\karabomo\Desktop\KasiMonateAdnim\img.png&quot; path on meun &quot;Branches&quot;" classname="feature:-testing-the-full-functional-category-meun;user-to-login---success" time="0.3528018">
        </testcase>
        <testcase name="Then I click on button with text &quot;Add&quot; on side meun text this &quot;Branches&quot;" classname="feature:-testing-the-full-functional-category-meun;user-to-login---success" time="0.3402262">
        </testcase>
        <testcase name="Then I wait for 5 seconds" classname="feature:-testing-the-full-functional-category-meun;user-to-login---success" time="5.0118563">
        </testcase>
        <testcase name="Then I wait for 5 seconds" classname="feature:-testing-the-full-functional-category-meun;user-to-login---success" time="5.0140209">
        </testcase>
        <testcase name="Then I wait for 5 seconds" classname="feature:-testing-the-full-functional-category-meun;user-to-login---success" time="5.0019091">
        </testcase>
        <testcase name="Then I wait for 5 seconds" classname="feature:-testing-the-full-functional-category-meun;user-to-login---success" time="5.0085273">
        </testcase>
        <testcase name="Then I click on button with text &quot;Close&quot; on side meun text this &quot;Branches&quot;" classname="feature:-testing-the-full-functional-category-meun;user-to-login---success" time="0.1710093">
            <failure message="Error: Node is either not visible or not an HTMLElement">Error: Node is either not visible or not an HTMLElement
    at ElementHandle._clickablePoint (C:\Users\karabomo\Downloads\puppeteer-cucumber-js-main\puppeteer-cucumber-test\node_modules\puppeteer\lib\cjs\puppeteer\common\JSHandle.js:329:19)
    at async ElementHandle.click (C:\Users\karabomo\Downloads\puppeteer-cucumber-js-main\puppeteer-cucumber-test\node_modules\puppeteer\lib\cjs\puppeteer\common\JSHandle.js:390:26)
    at async createWorld.&lt;anonymous&gt; (C:\Users\karabomo\Downloads\puppeteer-cucumber-js-main\puppeteer-cucumber-test\features\step-definitions\orca-scan-demo-steps.js:564:20)</failure>
        </testcase>
        <testcase name="Then I click side meun item with text &quot;Users&quot;" classname="feature:-testing-the-full-functional-category-meun;user-to-login---success">
            <skipped message="">
            </skipped>
        </testcase>
        <testcase name="Then I click on button with text &quot;Add User&quot; on side meun text this &quot;Users&quot;" classname="feature:-testing-the-full-functional-category-meun;user-to-login---success">
            <skipped message="">
            </skipped>
        </testcase>
        <testcase name="Then I wait for 5 seconds" classname="feature:-testing-the-full-functional-category-meun;user-to-login---success">
            <skipped message="">
            </skipped>
        </testcase>
        <testcase name="Then I select this value &quot;FirstBranches&quot; on dropdown &quot;Select Branche&quot; field the menu &quot;Users&quot;" classname="feature:-testing-the-full-functional-category-meun;user-to-login---success">
            <skipped message="">
            </skipped>
        </testcase>
        <testcase name="Then I enter value &quot;karabo&quot; on field &quot;Username&quot; on side meun &quot;Users&quot;" classname="feature:-testing-the-full-functional-category-meun;user-to-login---success">
            <skipped message="">
            </skipped>
        </testcase>
        <testcase name="Then I enter value &quot;karabo&quot; on field &quot;Password&quot; on side meun &quot;Users&quot;" classname="feature:-testing-the-full-functional-category-meun;user-to-login---success">
            <skipped message="">
            </skipped>
        </testcase>
        <testcase name="Then I click on the checkbox with text &quot;Adnim&quot; on side meun text this &quot;Users&quot;" classname="feature:-testing-the-full-functional-category-meun;user-to-login---success">
            <skipped message="">
            </skipped>
        </testcase>
        <testcase name="Then I click on the checkbox with text &quot;delivery&quot; on side meun text this &quot;Users&quot;" classname="feature:-testing-the-full-functional-category-meun;user-to-login---success">
            <skipped message="">
            </skipped>
        </testcase>
        <testcase name="Then I click on button with text &quot;Select Image&quot; and select on image with &quot;C:\Users\karabomo\Desktop\KasiMonateAdnim\assets\images\logo.png&quot; path on meun &quot;Users&quot;" classname="feature:-testing-the-full-functional-category-meun;user-to-login---success">
            <skipped message="">
            </skipped>
        </testcase>
        <testcase name="Then I click on button with text &quot;Add&quot; on side meun text this &quot;Users&quot;" classname="feature:-testing-the-full-functional-category-meun;user-to-login---success">
            <skipped message="">
            </skipped>
        </testcase>
        <testcase name="Then I wait for a successfully alertBox on meun &quot;Users&quot;" classname="feature:-testing-the-full-functional-category-meun;user-to-login---success">
            <skipped message="">
            </skipped>
        </testcase>
    </testsuite>
    <testsuite name="feature:-testing-the-full-functional-category-meun;add-category---success" tests="12" failures="1" skipped="7">
        <properties>
            <property name="@test" value="true">
            </property>
            <property name="URI" value="C:/Users/karabomo/Downloads/puppeteer-cucumber-js-main/puppeteer-cucumber-test/features/KisaMonateApp_Website_SubAdnim/Category/category.feature">
            </property>
        </properties>
        <testcase name="Given I am online at &quot;http://127.0.0.1:5500/login.html&quot;" classname="feature:-testing-the-full-functional-category-meun;add-category---success" time="5.0615114">
        </testcase>
        <testcase name="Then I login in on the website with email value &quot;karabo&quot; and password value is &quot;karabo&quot;" classname="feature:-testing-the-full-functional-category-meun;add-category---success" time="0.6173781">
        </testcase>
        <testcase name="Then I wait for the page to load" classname="feature:-testing-the-full-functional-category-meun;add-category---success" time="5.613211">
        </testcase>
        <testcase name="Then I click side meun item with text &quot;Category&quot;" classname="feature:-testing-the-full-functional-category-meun;add-category---success" time="0.2779952">
        </testcase>
        <testcase name="Then I click on button with text &quot;Add category&quot; on side meun text this &quot;Category&quot;" classname="feature:-testing-the-full-functional-category-meun;add-category---success" time="0.2035549">
            <failure message="TypeError: Cannot read properties of undefined (reading &apos;click&apos;)">TypeError: Cannot read properties of undefined (reading &apos;click&apos;)
    at createWorld.&lt;anonymous&gt; (C:\Users\karabomo\Downloads\puppeteer-cucumber-js-main\puppeteer-cucumber-test\features\step-definitions\orca-scan-demo-steps.js:564:33)</failure>
        </testcase>
        <testcase name="Then I enter value &quot;AddCategory&quot; on field &quot;Name&quot; on side meun &quot;Category&quot;" classname="feature:-testing-the-full-functional-category-meun;add-category---success">
            <skipped message="">
            </skipped>
        </testcase>
        <testcase name="Then I enter value &quot;AddCategory&quot; on field &quot;Slug&quot; on side meun &quot;Category&quot;" classname="feature:-testing-the-full-functional-category-meun;add-category---success">
            <skipped message="">
            </skipped>
        </testcase>
        <testcase name="Then I enter value &quot;Test Add Description for Category&quot; on textarea &quot;Description&quot; on side meun &quot;Category&quot;" classname="feature:-testing-the-full-functional-category-meun;add-category---success">
            <skipped message="">
            </skipped>
        </testcase>
        <testcase name="Then I click on the checkbox with text &quot;Status&quot; on side meun text this &quot;Category&quot;" classname="feature:-testing-the-full-functional-category-meun;add-category---success">
            <skipped message="">
            </skipped>
        </testcase>
        <testcase name="Then I click on button with text &quot;Select Image&quot; and select on image with &quot;C:\Users\karabomo\Desktop\KasiMonateAdnim\assets\images\logo.png&quot; path on meun &quot;Category&quot;" classname="feature:-testing-the-full-functional-category-meun;add-category---success">
            <skipped message="">
            </skipped>
        </testcase>
        <testcase name="Then I click on button with text &quot;Add&quot; on side meun text this &quot;Category&quot;" classname="feature:-testing-the-full-functional-category-meun;add-category---success">
            <skipped message="">
            </skipped>
        </testcase>
        <testcase name="Then I wait for a successfully alertBox on meun &quot;Category&quot;" classname="feature:-testing-the-full-functional-category-meun;add-category---success">
            <skipped message="">
            </skipped>
        </testcase>
    </testsuite>
    <testsuite name="feature:-testing-the-full-functional-category-meun;add-category---error---exciting-category-name" tests="12" failures="1" skipped="7">
        <properties>
            <property name="@test" value="true">
            </property>
            <property name="URI" value="C:/Users/karabomo/Downloads/puppeteer-cucumber-js-main/puppeteer-cucumber-test/features/KisaMonateApp_Website_SubAdnim/Category/category.feature">
            </property>
        </properties>
        <testcase name="Given I am online at &quot;http://127.0.0.1:5500/login.html&quot;" classname="feature:-testing-the-full-functional-category-meun;add-category---error---exciting-category-name" time="8.0619">
        </testcase>
        <testcase name="Then I login in on the website with email value &quot;karabo&quot; and password value is &quot;karabo&quot;" classname="feature:-testing-the-full-functional-category-meun;add-category---error---exciting-category-name" time="0.5880956">
        </testcase>
        <testcase name="Then I wait for the page to load" classname="feature:-testing-the-full-functional-category-meun;add-category---error---exciting-category-name" time="4.1476932">
        </testcase>
        <testcase name="Then I click side meun item with text &quot;Category&quot;" classname="feature:-testing-the-full-functional-category-meun;add-category---error---exciting-category-name" time="0.3684995">
        </testcase>
        <testcase name="Then I click on button with text &quot;Add category&quot; on side meun text this &quot;Category&quot;" classname="feature:-testing-the-full-functional-category-meun;add-category---error---exciting-category-name" time="0.204464">
            <failure message="TypeError: Cannot read properties of undefined (reading &apos;click&apos;)">TypeError: Cannot read properties of undefined (reading &apos;click&apos;)
    at createWorld.&lt;anonymous&gt; (C:\Users\karabomo\Downloads\puppeteer-cucumber-js-main\puppeteer-cucumber-test\features\step-definitions\orca-scan-demo-steps.js:564:33)</failure>
        </testcase>
        <testcase name="Then I enter value &quot;AddCategory&quot; on field &quot;Name&quot; on side meun &quot;Category&quot;" classname="feature:-testing-the-full-functional-category-meun;add-category---error---exciting-category-name">
            <skipped message="">
            </skipped>
        </testcase>
        <testcase name="Then I enter value &quot;AddCategory&quot; on field &quot;Slug&quot; on side meun &quot;Category&quot;" classname="feature:-testing-the-full-functional-category-meun;add-category---error---exciting-category-name">
            <skipped message="">
            </skipped>
        </testcase>
        <testcase name="Then I enter value &quot;Test Add Description for Category&quot; on textarea &quot;Description&quot; on side meun &quot;Category&quot;" classname="feature:-testing-the-full-functional-category-meun;add-category---error---exciting-category-name">
            <skipped message="">
            </skipped>
        </testcase>
        <testcase name="Then I click on the checkbox with text &quot;Status&quot; on side meun text this &quot;Category&quot;" classname="feature:-testing-the-full-functional-category-meun;add-category---error---exciting-category-name">
            <skipped message="">
            </skipped>
        </testcase>
        <testcase name="Then I click on button with text &quot;Select Image&quot; and select on image with &quot;C:\Users\karabomo\Desktop\KasiMonateAdnim\assets\images\logo.png&quot; path on meun &quot;Category&quot;" classname="feature:-testing-the-full-functional-category-meun;add-category---error---exciting-category-name">
            <skipped message="">
            </skipped>
        </testcase>
        <testcase name="Then I click on button with text &quot;Add&quot; on side meun text this &quot;Category&quot;" classname="feature:-testing-the-full-functional-category-meun;add-category---error---exciting-category-name">
            <skipped message="">
            </skipped>
        </testcase>
        <testcase name="Then I wait for a danger alertBox on meun &quot;Category&quot;" classname="feature:-testing-the-full-functional-category-meun;add-category---error---exciting-category-name">
            <skipped message="">
            </skipped>
        </testcase>
    </testsuite>
    <testsuite name="feature:-testing-the-full-functional-category-meun;add-category---error---category-name-empty" tests="12" failures="1" skipped="7">
        <properties>
            <property name="@test" value="true">
            </property>
            <property name="URI" value="C:/Users/karabomo/Downloads/puppeteer-cucumber-js-main/puppeteer-cucumber-test/features/KisaMonateApp_Website_SubAdnim/Category/category.feature">
            </property>
        </properties>
        <testcase name="Given I am online at &quot;http://127.0.0.1:5500/login.html&quot;" classname="feature:-testing-the-full-functional-category-meun;add-category---error---category-name-empty" time="15.0253424">
        </testcase>
        <testcase name="Then I login in on the website with email value &quot;karabo&quot; and password value is &quot;karabo&quot;" classname="feature:-testing-the-full-functional-category-meun;add-category---error---category-name-empty" time="0.6375642">
        </testcase>
        <testcase name="Then I wait for the page to load" classname="feature:-testing-the-full-functional-category-meun;add-category---error---category-name-empty" time="5.4081483">
        </testcase>
        <testcase name="Then I click side meun item with text &quot;Category&quot;" classname="feature:-testing-the-full-functional-category-meun;add-category---error---category-name-empty" time="0.2816664">
        </testcase>
        <testcase name="Then I click on button with text &quot;Add category&quot; on side meun text this &quot;Category&quot;" classname="feature:-testing-the-full-functional-category-meun;add-category---error---category-name-empty" time="0.2016043">
            <failure message="TypeError: Cannot read properties of undefined (reading &apos;click&apos;)">TypeError: Cannot read properties of undefined (reading &apos;click&apos;)
    at createWorld.&lt;anonymous&gt; (C:\Users\karabomo\Downloads\puppeteer-cucumber-js-main\puppeteer-cucumber-test\features\step-definitions\orca-scan-demo-steps.js:564:33)</failure>
        </testcase>
        <testcase name="Then I enter value &quot;&quot; on field &quot;Name&quot; on side meun &quot;Category&quot;" classname="feature:-testing-the-full-functional-category-meun;add-category---error---category-name-empty">
            <skipped message="">
            </skipped>
        </testcase>
        <testcase name="Then I enter value &quot;AddCategory&quot; on field &quot;Slug&quot; on side meun &quot;Category&quot;" classname="feature:-testing-the-full-functional-category-meun;add-category---error---category-name-empty">
            <skipped message="">
            </skipped>
        </testcase>
        <testcase name="Then I enter value &quot;Test Add Description for Category&quot; on textarea &quot;Description&quot; on side meun &quot;Category&quot;" classname="feature:-testing-the-full-functional-category-meun;add-category---error---category-name-empty">
            <skipped message="">
            </skipped>
        </testcase>
        <testcase name="Then I click on the checkbox with text &quot;Status&quot; on side meun text this &quot;Category&quot;" classname="feature:-testing-the-full-functional-category-meun;add-category---error---category-name-empty">
            <skipped message="">
            </skipped>
        </testcase>
        <testcase name="Then I click on button with text &quot;Select Image&quot; and select on image with &quot;C:\Users\karabomo\Desktop\KasiMonateAdnim\assets\images\logo.png&quot; path on meun &quot;Category&quot;" classname="feature:-testing-the-full-functional-category-meun;add-category---error---category-name-empty">
            <skipped message="">
            </skipped>
        </testcase>
        <testcase name="Then I click on button with text &quot;Add&quot; on side meun text this &quot;Category&quot;" classname="feature:-testing-the-full-functional-category-meun;add-category---error---category-name-empty">
            <skipped message="">
            </skipped>
        </testcase>
        <testcase name="Then I wait for a danger alertBox on meun &quot;Category&quot;" classname="feature:-testing-the-full-functional-category-meun;add-category---error---category-name-empty">
            <skipped message="">
            </skipped>
        </testcase>
    </testsuite>
    <testsuite name="feature:-testing-the-full-functional-category-meun;add-category---error---slug-name-empty" tests="12" failures="1" skipped="7">
        <properties>
            <property name="@test" value="true">
            </property>
            <property name="URI" value="C:/Users/karabomo/Downloads/puppeteer-cucumber-js-main/puppeteer-cucumber-test/features/KisaMonateApp_Website_SubAdnim/Category/category.feature">
            </property>
        </properties>
        <testcase name="Given I am online at &quot;http://127.0.0.1:5500/login.html&quot;" classname="feature:-testing-the-full-functional-category-meun;add-category---error---slug-name-empty" time="6.4663745">
        </testcase>
        <testcase name="Then I login in on the website with email value &quot;karabo&quot; and password value is &quot;karabo&quot;" classname="feature:-testing-the-full-functional-category-meun;add-category---error---slug-name-empty" time="0.6158474">
        </testcase>
        <testcase name="Then I wait for the page to load" classname="feature:-testing-the-full-functional-category-meun;add-category---error---slug-name-empty" time="4.5857673">
        </testcase>
        <testcase name="Then I click side meun item with text &quot;Category&quot;" classname="feature:-testing-the-full-functional-category-meun;add-category---error---slug-name-empty" time="0.2831132">
        </testcase>
        <testcase name="Then I click on button with text &quot;Add category&quot; on side meun text this &quot;Category&quot;" classname="feature:-testing-the-full-functional-category-meun;add-category---error---slug-name-empty" time="0.1987018">
            <failure message="TypeError: Cannot read properties of undefined (reading &apos;click&apos;)">TypeError: Cannot read properties of undefined (reading &apos;click&apos;)
    at createWorld.&lt;anonymous&gt; (C:\Users\karabomo\Downloads\puppeteer-cucumber-js-main\puppeteer-cucumber-test\features\step-definitions\orca-scan-demo-steps.js:564:33)
    at runNextTicks (node:internal/process/task_queues:60:5)
    at listOnTimeout (node:internal/timers:538:9)
    at process.processTimers (node:internal/timers:512:7)</failure>
        </testcase>
        <testcase name="Then I enter value &quot;AddCategory&quot; on field &quot;Name&quot; on side meun &quot;Category&quot;" classname="feature:-testing-the-full-functional-category-meun;add-category---error---slug-name-empty">
            <skipped message="">
            </skipped>
        </testcase>
        <testcase name="Then I enter value &quot;&quot; on field &quot;Slug&quot; on side meun &quot;Category&quot;" classname="feature:-testing-the-full-functional-category-meun;add-category---error---slug-name-empty">
            <skipped message="">
            </skipped>
        </testcase>
        <testcase name="Then I enter value &quot;Test Add Description for Category&quot; on textarea &quot;Description&quot; on side meun &quot;Category&quot;" classname="feature:-testing-the-full-functional-category-meun;add-category---error---slug-name-empty">
            <skipped message="">
            </skipped>
        </testcase>
        <testcase name="Then I click on the checkbox with text &quot;Status&quot; on side meun text this &quot;Category&quot;" classname="feature:-testing-the-full-functional-category-meun;add-category---error---slug-name-empty">
            <skipped message="">
            </skipped>
        </testcase>
        <testcase name="Then I click on button with text &quot;Select Image&quot; and select on image with &quot;C:\Users\karabomo\Desktop\KasiMonateAdnim\assets\images\logo.png&quot; path on meun &quot;Category&quot;" classname="feature:-testing-the-full-functional-category-meun;add-category---error---slug-name-empty">
            <skipped message="">
            </skipped>
        </testcase>
        <testcase name="Then I click on button with text &quot;Add&quot; on side meun text this &quot;Category&quot;" classname="feature:-testing-the-full-functional-category-meun;add-category---error---slug-name-empty">
            <skipped message="">
            </skipped>
        </testcase>
        <testcase name="Then I wait for a danger alertBox on meun &quot;Category&quot;" classname="feature:-testing-the-full-functional-category-meun;add-category---error---slug-name-empty">
            <skipped message="">
            </skipped>
        </testcase>
    </testsuite>
    <testsuite name="feature:-testing-the-full-functional-category-meun;add-category---error---description-name-empty" tests="12" failures="1" skipped="7">
        <properties>
            <property name="@test" value="true">
            </property>
            <property name="URI" value="C:/Users/karabomo/Downloads/puppeteer-cucumber-js-main/puppeteer-cucumber-test/features/KisaMonateApp_Website_SubAdnim/Category/category.feature">
            </property>
        </properties>
        <testcase name="Given I am online at &quot;http://127.0.0.1:5500/login.html&quot;" classname="feature:-testing-the-full-functional-category-meun;add-category---error---description-name-empty" time="12.9943456">
        </testcase>
        <testcase name="Then I login in on the website with email value &quot;karabo&quot; and password value is &quot;karabo&quot;" classname="feature:-testing-the-full-functional-category-meun;add-category---error---description-name-empty" time="0.5969679">
        </testcase>
        <testcase name="Then I wait for the page to load" classname="feature:-testing-the-full-functional-category-meun;add-category---error---description-name-empty" time="27.533525">
        </testcase>
        <testcase name="Then I click side meun item with text &quot;Category&quot;" classname="feature:-testing-the-full-functional-category-meun;add-category---error---description-name-empty" time="0.278878">
        </testcase>
        <testcase name="Then I click on button with text &quot;Add category&quot; on side meun text this &quot;Category&quot;" classname="feature:-testing-the-full-functional-category-meun;add-category---error---description-name-empty" time="0.2021425">
            <failure message="TypeError: Cannot read properties of undefined (reading &apos;click&apos;)">TypeError: Cannot read properties of undefined (reading &apos;click&apos;)
    at createWorld.&lt;anonymous&gt; (C:\Users\karabomo\Downloads\puppeteer-cucumber-js-main\puppeteer-cucumber-test\features\step-definitions\orca-scan-demo-steps.js:564:33)</failure>
        </testcase>
        <testcase name="Then I enter value &quot;AddCategory&quot; on field &quot;Name&quot; on side meun &quot;Category&quot;" classname="feature:-testing-the-full-functional-category-meun;add-category---error---description-name-empty">
            <skipped message="">
            </skipped>
        </testcase>
        <testcase name="Then I enter value &quot;AddCategory&quot; on field &quot;Slug&quot; on side meun &quot;Category&quot;" classname="feature:-testing-the-full-functional-category-meun;add-category---error---description-name-empty">
            <skipped message="">
            </skipped>
        </testcase>
        <testcase name="Then I enter value &quot;&quot; on textarea &quot;Description&quot; on side meun &quot;Category&quot;" classname="feature:-testing-the-full-functional-category-meun;add-category---error---description-name-empty">
            <skipped message="">
            </skipped>
        </testcase>
        <testcase name="Then I click on the checkbox with text &quot;Status&quot; on side meun text this &quot;Category&quot;" classname="feature:-testing-the-full-functional-category-meun;add-category---error---description-name-empty">
            <skipped message="">
            </skipped>
        </testcase>
        <testcase name="Then I click on button with text &quot;Select Image&quot; and select on image with &quot;C:\Users\karabomo\Desktop\KasiMonateAdnim\assets\images\logo.png&quot; path on meun &quot;Category&quot;" classname="feature:-testing-the-full-functional-category-meun;add-category---error---description-name-empty">
            <skipped message="">
            </skipped>
        </testcase>
        <testcase name="Then I click on button with text &quot;Add&quot; on side meun text this &quot;Category&quot;" classname="feature:-testing-the-full-functional-category-meun;add-category---error---description-name-empty">
            <skipped message="">
            </skipped>
        </testcase>
        <testcase name="Then I wait for a danger alertBox on meun &quot;Category&quot;" classname="feature:-testing-the-full-functional-category-meun;add-category---error---description-name-empty">
            <skipped message="">
            </skipped>
        </testcase>
    </testsuite>
    <testsuite name="feature:-testing-the-full-functional-category-meun;add-category---error---no-image" tests="11" failures="1" skipped="6">
        <properties>
            <property name="@test" value="true">
            </property>
            <property name="URI" value="C:/Users/karabomo/Downloads/puppeteer-cucumber-js-main/puppeteer-cucumber-test/features/KisaMonateApp_Website_SubAdnim/Category/category.feature">
            </property>
        </properties>
        <testcase name="Given I am online at &quot;http://127.0.0.1:5500/login.html&quot;" classname="feature:-testing-the-full-functional-category-meun;add-category---error---no-image" time="31.0759584">
        </testcase>
        <testcase name="Then I login in on the website with email value &quot;karabo&quot; and password value is &quot;karabo&quot;" classname="feature:-testing-the-full-functional-category-meun;add-category---error---no-image" time="0.6105533">
        </testcase>
        <testcase name="Then I wait for the page to load" classname="feature:-testing-the-full-functional-category-meun;add-category---error---no-image" time="8.5258254">
        </testcase>
        <testcase name="Then I click side meun item with text &quot;Category&quot;" classname="feature:-testing-the-full-functional-category-meun;add-category---error---no-image" time="0.3813101">
        </testcase>
        <testcase name="Then I click on button with text &quot;Add category&quot; on side meun text this &quot;Category&quot;" classname="feature:-testing-the-full-functional-category-meun;add-category---error---no-image" time="0.1956454">
            <failure message="TypeError: Cannot read properties of undefined (reading &apos;click&apos;)">TypeError: Cannot read properties of undefined (reading &apos;click&apos;)
    at createWorld.&lt;anonymous&gt; (C:\Users\karabomo\Downloads\puppeteer-cucumber-js-main\puppeteer-cucumber-test\features\step-definitions\orca-scan-demo-steps.js:564:33)
    at runNextTicks (node:internal/process/task_queues:60:5)
    at listOnTimeout (node:internal/timers:538:9)
    at process.processTimers (node:internal/timers:512:7)</failure>
        </testcase>
        <testcase name="Then I enter value &quot;AddCategory&quot; on field &quot;Name&quot; on side meun &quot;Category&quot;" classname="feature:-testing-the-full-functional-category-meun;add-category---error---no-image">
            <skipped message="">
            </skipped>
        </testcase>
        <testcase name="Then I enter value &quot;AddCategory&quot; on field &quot;Slug&quot; on side meun &quot;Category&quot;" classname="feature:-testing-the-full-functional-category-meun;add-category---error---no-image">
            <skipped message="">
            </skipped>
        </testcase>
        <testcase name="Then I enter value &quot;Test Add Description for Category&quot; on textarea &quot;Description&quot; on side meun &quot;Category&quot;" classname="feature:-testing-the-full-functional-category-meun;add-category---error---no-image">
            <skipped message="">
            </skipped>
        </testcase>
        <testcase name="Then I click on the checkbox with text &quot;Status&quot; on side meun text this &quot;Category&quot;" classname="feature:-testing-the-full-functional-category-meun;add-category---error---no-image">
            <skipped message="">
            </skipped>
        </testcase>
        <testcase name="Then I click on button with text &quot;Add&quot; on side meun text this &quot;Category&quot;" classname="feature:-testing-the-full-functional-category-meun;add-category---error---no-image">
            <skipped message="">
            </skipped>
        </testcase>
        <testcase name="Then I wait for a danger alertBox on meun &quot;Category&quot;" classname="feature:-testing-the-full-functional-category-meun;add-category---error---no-image">
            <skipped message="">
            </skipped>
        </testcase>
    </testsuite>
    <testsuite name="feature:-testing-the-full-functional-category-meun;edit-category---success" tests="12" failures="1" skipped="7">
        <properties>
            <property name="@test" value="true">
            </property>
            <property name="URI" value="C:/Users/karabomo/Downloads/puppeteer-cucumber-js-main/puppeteer-cucumber-test/features/KisaMonateApp_Website_SubAdnim/Category/category.feature">
            </property>
        </properties>
        <testcase name="Given I am online at &quot;http://127.0.0.1:5500/login.html&quot;" classname="feature:-testing-the-full-functional-category-meun;edit-category---success" time="12.5581034">
        </testcase>
        <testcase name="Then I login in on the website with email value &quot;karabo&quot; and password value is &quot;karabo&quot;" classname="feature:-testing-the-full-functional-category-meun;edit-category---success" time="0.6213877">
        </testcase>
        <testcase name="Then I wait for the page to load" classname="feature:-testing-the-full-functional-category-meun;edit-category---success" time="6.2744739">
        </testcase>
        <testcase name="Then I click side meun item with text &quot;Category&quot;" classname="feature:-testing-the-full-functional-category-meun;edit-category---success" time="0.3459244">
        </testcase>
        <testcase name="Then I click button with Text &quot;Edit&quot; on row &quot;1&quot; on the table on side meun &quot;Category&quot;" classname="feature:-testing-the-full-functional-category-meun;edit-category---success" time="3.0151624">
            <failure message="TimeoutError: waiting for selector `#example_length` failed: timeout 3000ms exceeded">TimeoutError: waiting for selector `#example_length` failed: timeout 3000ms exceeded
    at new WaitTask (C:\Users\karabomo\Downloads\puppeteer-cucumber-js-main\puppeteer-cucumber-test\node_modules\puppeteer\lib\cjs\puppeteer\common\DOMWorld.js:509:34)
    at DOMWorld.waitForSelectorInPage (C:\Users\karabomo\Downloads\puppeteer-cucumber-js-main\puppeteer-cucumber-test\node_modules\puppeteer\lib\cjs\puppeteer\common\DOMWorld.js:420:26)
    at internalHandler.waitFor (C:\Users\karabomo\Downloads\puppeteer-cucumber-js-main\puppeteer-cucumber-test\node_modules\puppeteer\lib\cjs\puppeteer\common\QueryHandler.js:31:77)
    at DOMWorld.waitForSelector (C:\Users\karabomo\Downloads\puppeteer-cucumber-js-main\puppeteer-cucumber-test\node_modules\puppeteer\lib\cjs\puppeteer\common\DOMWorld.js:313:29)
    at Frame.waitForSelector (C:\Users\karabomo\Downloads\puppeteer-cucumber-js-main\puppeteer-cucumber-test\node_modules\puppeteer\lib\cjs\puppeteer\common\FrameManager.js:841:51)
    at createWorld.&lt;anonymous&gt; (C:\Users\karabomo\Downloads\puppeteer-cucumber-js-main\puppeteer-cucumber-test\features\step-definitions\orca-scan-demo-steps.js:614:29)
    at process.processTicksAndRejections (node:internal/process/task_queues:95:5)</failure>
        </testcase>
        <testcase name="Then I wait for 5 seconds" classname="feature:-testing-the-full-functional-category-meun;edit-category---success">
            <skipped message="">
            </skipped>
        </testcase>
        <testcase name="Then I enter value &quot;EditCategorySuccess&quot; on field &quot;Name&quot; on side meun &quot;Category&quot;" classname="feature:-testing-the-full-functional-category-meun;edit-category---success">
            <skipped message="">
            </skipped>
        </testcase>
        <testcase name="Then I enter value &quot;EditCategorySuccess&quot; on field &quot;Slug&quot; on side meun &quot;Category&quot;" classname="feature:-testing-the-full-functional-category-meun;edit-category---success">
            <skipped message="">
            </skipped>
        </testcase>
        <testcase name="Then I enter value &quot;Test Add Description for Category&quot; on textarea &quot;Description&quot; on side meun &quot;Category&quot;" classname="feature:-testing-the-full-functional-category-meun;edit-category---success">
            <skipped message="">
            </skipped>
        </testcase>
        <testcase name="Then I click on button with text &quot;Select Image&quot; and select on image with &quot;C:\Users\karabomo\Desktop\KasiMonateAdnim\assets\images\logo.png&quot; path on meun &quot;Category&quot;" classname="feature:-testing-the-full-functional-category-meun;edit-category---success">
            <skipped message="">
            </skipped>
        </testcase>
        <testcase name="Then I click on button with text &quot;Save&quot; on side meun text this &quot;Category&quot;" classname="feature:-testing-the-full-functional-category-meun;edit-category---success">
            <skipped message="">
            </skipped>
        </testcase>
        <testcase name="Then I wait for a successfully alertBox on meun &quot;Category&quot;" classname="feature:-testing-the-full-functional-category-meun;edit-category---success">
            <skipped message="">
            </skipped>
        </testcase>
    </testsuite>
    <testsuite name="feature:-testing-the-full-functional-category-meun;edit-category---error---category-name-empty" tests="12" failures="1" skipped="7">
        <properties>
            <property name="@test" value="true">
            </property>
            <property name="URI" value="C:/Users/karabomo/Downloads/puppeteer-cucumber-js-main/puppeteer-cucumber-test/features/KisaMonateApp_Website_SubAdnim/Category/category.feature">
            </property>
        </properties>
        <testcase name="Given I am online at &quot;http://127.0.0.1:5500/login.html&quot;" classname="feature:-testing-the-full-functional-category-meun;edit-category---error---category-name-empty" time="5.0349517">
        </testcase>
        <testcase name="Then I login in on the website with email value &quot;karabo&quot; and password value is &quot;karabo&quot;" classname="feature:-testing-the-full-functional-category-meun;edit-category---error---category-name-empty" time="0.6211907">
        </testcase>
        <testcase name="Then I wait for the page to load" classname="feature:-testing-the-full-functional-category-meun;edit-category---error---category-name-empty" time="5.9933399">
        </testcase>
        <testcase name="Then I click side meun item with text &quot;Category&quot;" classname="feature:-testing-the-full-functional-category-meun;edit-category---error---category-name-empty" time="0.2758241">
        </testcase>
        <testcase name="Then I click button with Text &quot;Edit&quot; on row &quot;1&quot; on the table on side meun &quot;Category&quot;" classname="feature:-testing-the-full-functional-category-meun;edit-category---error---category-name-empty" time="3.0031312">
            <failure message="TimeoutError: waiting for selector `#example_length` failed: timeout 3000ms exceeded">TimeoutError: waiting for selector `#example_length` failed: timeout 3000ms exceeded
    at new WaitTask (C:\Users\karabomo\Downloads\puppeteer-cucumber-js-main\puppeteer-cucumber-test\node_modules\puppeteer\lib\cjs\puppeteer\common\DOMWorld.js:509:34)
    at DOMWorld.waitForSelectorInPage (C:\Users\karabomo\Downloads\puppeteer-cucumber-js-main\puppeteer-cucumber-test\node_modules\puppeteer\lib\cjs\puppeteer\common\DOMWorld.js:420:26)
    at internalHandler.waitFor (C:\Users\karabomo\Downloads\puppeteer-cucumber-js-main\puppeteer-cucumber-test\node_modules\puppeteer\lib\cjs\puppeteer\common\QueryHandler.js:31:77)
    at DOMWorld.waitForSelector (C:\Users\karabomo\Downloads\puppeteer-cucumber-js-main\puppeteer-cucumber-test\node_modules\puppeteer\lib\cjs\puppeteer\common\DOMWorld.js:313:29)
    at Frame.waitForSelector (C:\Users\karabomo\Downloads\puppeteer-cucumber-js-main\puppeteer-cucumber-test\node_modules\puppeteer\lib\cjs\puppeteer\common\FrameManager.js:841:51)
    at createWorld.&lt;anonymous&gt; (C:\Users\karabomo\Downloads\puppeteer-cucumber-js-main\puppeteer-cucumber-test\features\step-definitions\orca-scan-demo-steps.js:614:29)
    at processTicksAndRejections (node:internal/process/task_queues:95:5)
    at runNextTicks (node:internal/process/task_queues:64:3)
    at listOnTimeout (node:internal/timers:538:9)
    at process.processTimers (node:internal/timers:512:7)</failure>
        </testcase>
        <testcase name="Then I wait for 5 seconds" classname="feature:-testing-the-full-functional-category-meun;edit-category---error---category-name-empty">
            <skipped message="">
            </skipped>
        </testcase>
        <testcase name="Then I enter value &quot;&quot; on field &quot;Name&quot; on side meun &quot;Category&quot;" classname="feature:-testing-the-full-functional-category-meun;edit-category---error---category-name-empty">
            <skipped message="">
            </skipped>
        </testcase>
        <testcase name="Then I enter value &quot;EditCategoryError&quot; on field &quot;Slug&quot; on side meun &quot;Category&quot;" classname="feature:-testing-the-full-functional-category-meun;edit-category---error---category-name-empty">
            <skipped message="">
            </skipped>
        </testcase>
        <testcase name="Then I enter value &quot;Test Add Description for Category Error&quot; on textarea &quot;Description&quot; on side meun &quot;Category&quot;" classname="feature:-testing-the-full-functional-category-meun;edit-category---error---category-name-empty">
            <skipped message="">
            </skipped>
        </testcase>
        <testcase name="Then I click on button with text &quot;Select Image&quot; and select on image with &quot;C:\Users\karabomo\Desktop\KasiMonateAdnim\assets\images\logo.png&quot; path on meun &quot;Category&quot;" classname="feature:-testing-the-full-functional-category-meun;edit-category---error---category-name-empty">
            <skipped message="">
            </skipped>
        </testcase>
        <testcase name="Then I click on button with text &quot;Save&quot; on side meun text this &quot;Category&quot;" classname="feature:-testing-the-full-functional-category-meun;edit-category---error---category-name-empty">
            <skipped message="">
            </skipped>
        </testcase>
        <testcase name="Then I wait for a danger alertBox on meun &quot;Category&quot;" classname="feature:-testing-the-full-functional-category-meun;edit-category---error---category-name-empty">
            <skipped message="">
            </skipped>
        </testcase>
    </testsuite>
    <testsuite name="feature:-testing-the-full-functional-category-meun;edit-category---error---category-slug-empty" tests="12" failures="1" skipped="7">
        <properties>
            <property name="@test" value="true">
            </property>
            <property name="URI" value="C:/Users/karabomo/Downloads/puppeteer-cucumber-js-main/puppeteer-cucumber-test/features/KisaMonateApp_Website_SubAdnim/Category/category.feature">
            </property>
        </properties>
        <testcase name="Given I am online at &quot;http://127.0.0.1:5500/login.html&quot;" classname="feature:-testing-the-full-functional-category-meun;edit-category---error---category-slug-empty" time="6.6375116">
        </testcase>
        <testcase name="Then I login in on the website with email value &quot;karabo&quot; and password value is &quot;karabo&quot;" classname="feature:-testing-the-full-functional-category-meun;edit-category---error---category-slug-empty" time="0.5904667">
        </testcase>
        <testcase name="Then I wait for the page to load" classname="feature:-testing-the-full-functional-category-meun;edit-category---error---category-slug-empty" time="5.8411124">
        </testcase>
        <testcase name="Then I click side meun item with text &quot;Category&quot;" classname="feature:-testing-the-full-functional-category-meun;edit-category---error---category-slug-empty" time="0.2962634">
        </testcase>
        <testcase name="Then I click button with Text &quot;Edit&quot; on row &quot;1&quot; on the table on side meun &quot;Category&quot;" classname="feature:-testing-the-full-functional-category-meun;edit-category---error---category-slug-empty" time="3.0157437">
            <failure message="TimeoutError: waiting for selector `#example_length` failed: timeout 3000ms exceeded">TimeoutError: waiting for selector `#example_length` failed: timeout 3000ms exceeded
    at new WaitTask (C:\Users\karabomo\Downloads\puppeteer-cucumber-js-main\puppeteer-cucumber-test\node_modules\puppeteer\lib\cjs\puppeteer\common\DOMWorld.js:509:34)
    at DOMWorld.waitForSelectorInPage (C:\Users\karabomo\Downloads\puppeteer-cucumber-js-main\puppeteer-cucumber-test\node_modules\puppeteer\lib\cjs\puppeteer\common\DOMWorld.js:420:26)
    at internalHandler.waitFor (C:\Users\karabomo\Downloads\puppeteer-cucumber-js-main\puppeteer-cucumber-test\node_modules\puppeteer\lib\cjs\puppeteer\common\QueryHandler.js:31:77)
    at DOMWorld.waitForSelector (C:\Users\karabomo\Downloads\puppeteer-cucumber-js-main\puppeteer-cucumber-test\node_modules\puppeteer\lib\cjs\puppeteer\common\DOMWorld.js:313:29)
    at Frame.waitForSelector (C:\Users\karabomo\Downloads\puppeteer-cucumber-js-main\puppeteer-cucumber-test\node_modules\puppeteer\lib\cjs\puppeteer\common\FrameManager.js:841:51)
    at createWorld.&lt;anonymous&gt; (C:\Users\karabomo\Downloads\puppeteer-cucumber-js-main\puppeteer-cucumber-test\features\step-definitions\orca-scan-demo-steps.js:614:29)
    at processTicksAndRejections (node:internal/process/task_queues:95:5)
    at runNextTicks (node:internal/process/task_queues:64:3)
    at listOnTimeout (node:internal/timers:538:9)
    at process.processTimers (node:internal/timers:512:7)</failure>
        </testcase>
        <testcase name="Then I wait for 5 seconds" classname="feature:-testing-the-full-functional-category-meun;edit-category---error---category-slug-empty">
            <skipped message="">
            </skipped>
        </testcase>
        <testcase name="Then I enter value &quot;EditCategoryError&quot; on field &quot;Name&quot; on side meun &quot;Category&quot;" classname="feature:-testing-the-full-functional-category-meun;edit-category---error---category-slug-empty">
            <skipped message="">
            </skipped>
        </testcase>
        <testcase name="Then I enter value &quot;&quot; on field &quot;Slug&quot; on side meun &quot;Category&quot;" classname="feature:-testing-the-full-functional-category-meun;edit-category---error---category-slug-empty">
            <skipped message="">
            </skipped>
        </testcase>
        <testcase name="Then I enter value &quot;Test Add Description for Category Error&quot; on textarea &quot;Description&quot; on side meun &quot;Category&quot;" classname="feature:-testing-the-full-functional-category-meun;edit-category---error---category-slug-empty">
            <skipped message="">
            </skipped>
        </testcase>
        <testcase name="Then I click on button with text &quot;Select Image&quot; and select on image with &quot;C:\Users\karabomo\Desktop\KasiMonateAdnim\assets\images\logo.png&quot; path on meun &quot;Category&quot;" classname="feature:-testing-the-full-functional-category-meun;edit-category---error---category-slug-empty">
            <skipped message="">
            </skipped>
        </testcase>
        <testcase name="Then I click on button with text &quot;Save&quot; on side meun text this &quot;Category&quot;" classname="feature:-testing-the-full-functional-category-meun;edit-category---error---category-slug-empty">
            <skipped message="">
            </skipped>
        </testcase>
        <testcase name="Then I wait for a danger alertBox on meun &quot;Category&quot;" classname="feature:-testing-the-full-functional-category-meun;edit-category---error---category-slug-empty">
            <skipped message="">
            </skipped>
        </testcase>
    </testsuite>
    <testsuite name="feature:-testing-the-full-functional-category-meun;edit-category---error---category-slug-empty" tests="12" failures="1" skipped="7">
        <properties>
            <property name="@test" value="true">
            </property>
            <property name="URI" value="C:/Users/karabomo/Downloads/puppeteer-cucumber-js-main/puppeteer-cucumber-test/features/KisaMonateApp_Website_SubAdnim/Category/category.feature">
            </property>
        </properties>
        <testcase name="Given I am online at &quot;http://127.0.0.1:5500/login.html&quot;" classname="feature:-testing-the-full-functional-category-meun;edit-category---error---category-slug-empty" time="5.5945684">
        </testcase>
        <testcase name="Then I login in on the website with email value &quot;karabo&quot; and password value is &quot;karabo&quot;" classname="feature:-testing-the-full-functional-category-meun;edit-category---error---category-slug-empty" time="0.6186764">
        </testcase>
        <testcase name="Then I wait for the page to load" classname="feature:-testing-the-full-functional-category-meun;edit-category---error---category-slug-empty" time="6.9830367">
        </testcase>
        <testcase name="Then I click side meun item with text &quot;Category&quot;" classname="feature:-testing-the-full-functional-category-meun;edit-category---error---category-slug-empty" time="0.2805792">
        </testcase>
        <testcase name="Then I click button with Text &quot;Edit&quot; on row &quot;1&quot; on the table on side meun &quot;Category&quot;" classname="feature:-testing-the-full-functional-category-meun;edit-category---error---category-slug-empty" time="3.0003655">
            <failure message="TimeoutError: waiting for selector `#example_length` failed: timeout 3000ms exceeded">TimeoutError: waiting for selector `#example_length` failed: timeout 3000ms exceeded
    at new WaitTask (C:\Users\karabomo\Downloads\puppeteer-cucumber-js-main\puppeteer-cucumber-test\node_modules\puppeteer\lib\cjs\puppeteer\common\DOMWorld.js:509:34)
    at DOMWorld.waitForSelectorInPage (C:\Users\karabomo\Downloads\puppeteer-cucumber-js-main\puppeteer-cucumber-test\node_modules\puppeteer\lib\cjs\puppeteer\common\DOMWorld.js:420:26)
    at internalHandler.waitFor (C:\Users\karabomo\Downloads\puppeteer-cucumber-js-main\puppeteer-cucumber-test\node_modules\puppeteer\lib\cjs\puppeteer\common\QueryHandler.js:31:77)
    at DOMWorld.waitForSelector (C:\Users\karabomo\Downloads\puppeteer-cucumber-js-main\puppeteer-cucumber-test\node_modules\puppeteer\lib\cjs\puppeteer\common\DOMWorld.js:313:29)
    at Frame.waitForSelector (C:\Users\karabomo\Downloads\puppeteer-cucumber-js-main\puppeteer-cucumber-test\node_modules\puppeteer\lib\cjs\puppeteer\common\FrameManager.js:841:51)
    at createWorld.&lt;anonymous&gt; (C:\Users\karabomo\Downloads\puppeteer-cucumber-js-main\puppeteer-cucumber-test\features\step-definitions\orca-scan-demo-steps.js:614:29)
    at process.processTicksAndRejections (node:internal/process/task_queues:95:5)</failure>
        </testcase>
        <testcase name="Then I wait for 5 seconds" classname="feature:-testing-the-full-functional-category-meun;edit-category---error---category-slug-empty">
            <skipped message="">
            </skipped>
        </testcase>
        <testcase name="Then I enter value &quot;EditCategoryError&quot; on field &quot;Name&quot; on side meun &quot;Category&quot;" classname="feature:-testing-the-full-functional-category-meun;edit-category---error---category-slug-empty">
            <skipped message="">
            </skipped>
        </testcase>
        <testcase name="Then I enter value &quot;EditCategoryError&quot; on field &quot;Slug&quot; on side meun &quot;Category&quot;" classname="feature:-testing-the-full-functional-category-meun;edit-category---error---category-slug-empty">
            <skipped message="">
            </skipped>
        </testcase>
        <testcase name="Then I enter value &quot;&quot; on textarea &quot;Description&quot; on side meun &quot;Category&quot;" classname="feature:-testing-the-full-functional-category-meun;edit-category---error---category-slug-empty">
            <skipped message="">
            </skipped>
        </testcase>
        <testcase name="Then I click on button with text &quot;Select Image&quot; and select on image with &quot;C:\Users\karabomo\Desktop\KasiMonateAdnim\assets\images\logo.png&quot; path on meun &quot;Category&quot;" classname="feature:-testing-the-full-functional-category-meun;edit-category---error---category-slug-empty">
            <skipped message="">
            </skipped>
        </testcase>
        <testcase name="Then I click on button with text &quot;Save&quot; on side meun text this &quot;Category&quot;" classname="feature:-testing-the-full-functional-category-meun;edit-category---error---category-slug-empty">
            <skipped message="">
            </skipped>
        </testcase>
        <testcase name="Then I wait for a danger alertBox on meun &quot;Category&quot;" classname="feature:-testing-the-full-functional-category-meun;edit-category---error---category-slug-empty">
            <skipped message="">
            </skipped>
        </testcase>
    </testsuite>
    <testsuite name="feature:-testing-the-full-functional-category-meun;delect-category---success" tests="7" failures="1" skipped="2">
        <properties>
            <property name="@test" value="true">
            </property>
            <property name="URI" value="C:/Users/karabomo/Downloads/puppeteer-cucumber-js-main/puppeteer-cucumber-test/features/KisaMonateApp_Website_SubAdnim/Category/category.feature">
            </property>
        </properties>
        <testcase name="Given I am online at &quot;http://127.0.0.1:5500/login.html&quot;" classname="feature:-testing-the-full-functional-category-meun;delect-category---success" time="5.6298412">
        </testcase>
        <testcase name="Then I login in on the website with email value &quot;karabo&quot; and password value is &quot;karabo&quot;" classname="feature:-testing-the-full-functional-category-meun;delect-category---success" time="0.6248512">
        </testcase>
        <testcase name="Then I wait for the page to load" classname="feature:-testing-the-full-functional-category-meun;delect-category---success" time="3.7047029">
        </testcase>
        <testcase name="Then I click side meun item with text &quot;Category&quot;" classname="feature:-testing-the-full-functional-category-meun;delect-category---success" time="0.273862">
        </testcase>
        <testcase name="Then I click button with Text &quot;Delete&quot; on row &quot;1&quot; on the table on side meun &quot;Category&quot;" classname="feature:-testing-the-full-functional-category-meun;delect-category---success" time="3.002702">
            <failure message="TimeoutError: waiting for selector `#example_length` failed: timeout 3000ms exceeded">TimeoutError: waiting for selector `#example_length` failed: timeout 3000ms exceeded
    at new WaitTask (C:\Users\karabomo\Downloads\puppeteer-cucumber-js-main\puppeteer-cucumber-test\node_modules\puppeteer\lib\cjs\puppeteer\common\DOMWorld.js:509:34)
    at DOMWorld.waitForSelectorInPage (C:\Users\karabomo\Downloads\puppeteer-cucumber-js-main\puppeteer-cucumber-test\node_modules\puppeteer\lib\cjs\puppeteer\common\DOMWorld.js:420:26)
    at internalHandler.waitFor (C:\Users\karabomo\Downloads\puppeteer-cucumber-js-main\puppeteer-cucumber-test\node_modules\puppeteer\lib\cjs\puppeteer\common\QueryHandler.js:31:77)
    at DOMWorld.waitForSelector (C:\Users\karabomo\Downloads\puppeteer-cucumber-js-main\puppeteer-cucumber-test\node_modules\puppeteer\lib\cjs\puppeteer\common\DOMWorld.js:313:29)
    at Frame.waitForSelector (C:\Users\karabomo\Downloads\puppeteer-cucumber-js-main\puppeteer-cucumber-test\node_modules\puppeteer\lib\cjs\puppeteer\common\FrameManager.js:841:51)
    at createWorld.&lt;anonymous&gt; (C:\Users\karabomo\Downloads\puppeteer-cucumber-js-main\puppeteer-cucumber-test\features\step-definitions\orca-scan-demo-steps.js:614:29)
    at processTicksAndRejections (node:internal/process/task_queues:95:5)
    at runNextTicks (node:internal/process/task_queues:64:3)
    at listOnTimeout (node:internal/timers:538:9)
    at process.processTimers (node:internal/timers:512:7)</failure>
        </testcase>
        <testcase name="Then I click on button with text &quot;Accept&quot; on side meun text this &quot;Category&quot;" classname="feature:-testing-the-full-functional-category-meun;delect-category---success">
            <skipped message="">
            </skipped>
        </testcase>
        <testcase name="Then I wait for a successfully alertBox on meun &quot;Category&quot;" classname="feature:-testing-the-full-functional-category-meun;delect-category---success">
            <skipped message="">
            </skipped>
        </testcase>
    </testsuite>
</testsuites>